# JRE version: Java(TM) SE Runtime Environment (8.0_271-b09) (build 1.8.0_271-b09)
# Java VM: Java HotSpot(TM) 64-Bit Server VM (25.271-b09 mixed mode windows-amd64 compressed oops)
Heap:
 PSYoungGen      total 288256K, used 141629K [0x000000076c380000, 0x0000000782680000, 0x00000007c0000000)
  eden space 268800K, 45% used [0x000000076c380000,0x0000000773ad6338,0x000000077ca00000)
  from space 19456K, 99% used [0x000000077ca00000,0x000000077dcf9458,0x000000077dd00000)
  to   space 24064K, 0% used [0x0000000780f00000,0x0000000780f00000,0x0000000782680000)
 ParOldGen       total 220160K, used 37872K [0x00000006c4a00000, 0x00000006d2100000, 0x000000076c380000)
  object space 220160K, 17% used [0x00000006c4a00000,0x00000006c6efc018,0x00000006d2100000)
 Metaspace       used 78181K, capacity 82746K, committed 83072K, reserved 1120256K
  class space    used 11016K, capacity 11780K, committed 11904K, reserved 1048576K
GC Heap History (10 events):
Event: 11.383 GC heap before
{Heap before GC invocations=10 (full 2):
 PSYoungGen      total 159232K, used 146944K [0x000000076c380000, 0x000000077af80000, 0x00000007c0000000)
  eden space 146944K, 100% used [0x000000076c380000,0x0000000775300000,0x0000000775300000)
  from space 12288K, 0% used [0x0000000775300000,0x0000000775300000,0x0000000775f00000)
  to   space 11776K, 0% used [0x000000077a400000,0x000000077a400000,0x000000077af80000)
 ParOldGen       total 147968K, used 13365K [0x00000006c4a00000, 0x00000006cda80000, 0x000000076c380000)
  object space 147968K, 9% used [0x00000006c4a00000,0x00000006c570d450,0x00000006cda80000)
 Metaspace       used 44121K, capacity 46652K, committed 46848K, reserved 1089536K
  class space    used 6094K, capacity 6557K, committed 6656K, reserved 1048576K
Event: 11.399 GC heap after
Heap after GC invocations=10 (full 2):
 PSYoungGen      total 227328K, used 11766K [0x000000076c380000, 0x000000077b680000, 0x00000007c0000000)
  eden space 215552K, 0% used [0x000000076c380000,0x000000076c380000,0x0000000779600000)
  from space 11776K, 99% used [0x000000077a400000,0x000000077af7d958,0x000000077af80000)
  to   space 14336K, 0% used [0x0000000779600000,0x0000000779600000,0x000000077a400000)
 ParOldGen       total 147968K, used 15561K [0x00000006c4a00000, 0x00000006cda80000, 0x000000076c380000)
  object space 147968K, 10% used [0x00000006c4a00000,0x00000006c59327e0,0x00000006cda80000)
 Metaspace       used 44121K, capacity 46652K, committed 46848K, reserved 1089536K
  class space    used 6094K, capacity 6557K, committed 6656K, reserved 1048576K
}
Event: 16.683 GC heap before
{Heap before GC invocations=11 (full 2):
 PSYoungGen      total 227328K, used 152257K [0x000000076c380000, 0x000000077b680000, 0x00000007c0000000)
  eden space 215552K, 65% used [0x000000076c380000,0x0000000774cb2ac8,0x0000000779600000)
  from space 11776K, 99% used [0x000000077a400000,0x000000077af7d958,0x000000077af80000)
  to   space 14336K, 0% used [0x0000000779600000,0x0000000779600000,0x000000077a400000)
 ParOldGen       total 147968K, used 15561K [0x00000006c4a00000, 0x00000006cda80000, 0x000000076c380000)
  object space 147968K, 10% used [0x00000006c4a00000,0x00000006c59327e0,0x00000006cda80000)
 Metaspace       used 56295K, capacity 58954K, committed 59136K, reserved 1099776K
  class space    used 7953K, capacity 8440K, committed 8448K, reserved 1048576K
Event: 16.705 GC heap after
Heap after GC invocations=11 (full 2):
 PSYoungGen      total 229888K, used 14319K [0x000000076c380000, 0x000000077f480000, 0x00000007c0000000)
  eden space 215552K, 0% used [0x000000076c380000,0x000000076c380000,0x0000000779600000)
  from space 14336K, 99% used [0x0000000779600000,0x000000077a3fbec0,0x000000077a400000)
  to   space 18944K, 0% used [0x000000077e200000,0x000000077e200000,0x000000077f480000)
 ParOldGen       total 147968K, used 22653K [0x00000006c4a00000, 0x00000006cda80000, 0x000000076c380000)
  object space 147968K, 15% used [0x00000006c4a00000,0x00000006c601f740,0x00000006cda80000)
 Metaspace       used 56295K, capacity 58954K, committed 59136K, reserved 1099776K
  class space    used 7953K, capacity 8440K, committed 8448K, reserved 1048576K
}
Event: 16.705 GC heap before
{Heap before GC invocations=12 (full 3):
 PSYoungGen      total 229888K, used 14319K [0x000000076c380000, 0x000000077f480000, 0x00000007c0000000)
  eden space 215552K, 0% used [0x000000076c380000,0x000000076c380000,0x0000000779600000)
  from space 14336K, 99% used [0x0000000779600000,0x000000077a3fbec0,0x000000077a400000)
  to   space 18944K, 0% used [0x000000077e200000,0x000000077e200000,0x000000077f480000)
 ParOldGen       total 147968K, used 22653K [0x00000006c4a00000, 0x00000006cda80000, 0x000000076c380000)
  object space 147968K, 15% used [0x00000006c4a00000,0x00000006c601f740,0x00000006cda80000)
 Metaspace       used 56295K, capacity 58954K, committed 59136K, reserved 1099776K
  class space    used 7953K, capacity 8440K, committed 8448K, reserved 1048576K
Event: 16.893 GC heap after
Heap after GC invocations=12 (full 3):
 PSYoungGen      total 229888K, used 0K [0x000000076c380000, 0x000000077f480000, 0x00000007c0000000)
  eden space 215552K, 0% used [0x000000076c380000,0x000000076c380000,0x0000000779600000)
  from space 14336K, 0% used [0x0000000779600000,0x0000000779600000,0x000000077a400000)
  to   space 18944K, 0% used [0x000000077e200000,0x000000077e200000,0x000000077f480000)
 ParOldGen       total 220160K, used 32397K [0x00000006c4a00000, 0x00000006d2100000, 0x000000076c380000)
  object space 220160K, 14% used [0x00000006c4a00000,0x00000006c69a3678,0x00000006d2100000)
 Metaspace       used 56295K, capacity 58954K, committed 59136K, reserved 1099776K
  class space    used 7953K, capacity 8440K, committed 8448K, reserved 1048576K
}
Event: 24.070 GC heap before
{Heap before GC invocations=13 (full 3):
 PSYoungGen      total 229888K, used 215552K [0x000000076c380000, 0x000000077f480000, 0x00000007c0000000)
  eden space 215552K, 100% used [0x000000076c380000,0x0000000779600000,0x0000000779600000)
  from space 14336K, 0% used [0x0000000779600000,0x0000000779600000,0x000000077a400000)
  to   space 18944K, 0% used [0x000000077e200000,0x000000077e200000,0x000000077f480000)
 ParOldGen       total 220160K, used 32397K [0x00000006c4a00000, 0x00000006d2100000, 0x000000076c380000)
  object space 220160K, 14% used [0x00000006c4a00000,0x00000006c69a3678,0x00000006d2100000)
 Metaspace       used 65075K, capacity 68088K, committed 68224K, reserved 1107968K
  class space    used 9233K, capacity 9775K, committed 9856K, reserved 1048576K
Event: 24.090 GC heap after
Heap after GC invocations=13 (full 3):
 PSYoungGen      total 274944K, used 13996K [0x000000076c380000, 0x000000077f000000, 0x00000007c0000000)
  eden space 260608K, 0% used [0x000000076c380000,0x000000076c380000,0x000000077c200000)
  from space 14336K, 97% used [0x000000077e200000,0x000000077efab1a8,0x000000077f000000)
  to   space 19456K, 0% used [0x000000077ca00000,0x000000077ca00000,0x000000077dd00000)
 ParOldGen       total 220160K, used 32405K [0x00000006c4a00000, 0x00000006d2100000, 0x000000076c380000)
  object space 220160K, 14% used [0x00000006c4a00000,0x00000006c69a5678,0x00000006d2100000)
 Metaspace       used 65075K, capacity 68088K, committed 68224K, reserved 1107968K
  class space    used 9233K, capacity 9775K, committed 9856K, reserved 1048576K
}
Event: 28.014 GC heap before
{Heap before GC invocations=14 (full 3):
 PSYoungGen      total 274944K, used 274604K [0x000000076c380000, 0x000000077f000000, 0x00000007c0000000)
  eden space 260608K, 100% used [0x000000076c380000,0x000000077c200000,0x000000077c200000)
  from space 14336K, 97% used [0x000000077e200000,0x000000077efab1a8,0x000000077f000000)
  to   space 19456K, 0% used [0x000000077ca00000,0x000000077ca00000,0x000000077dd00000)
 ParOldGen       total 220160K, used 32405K [0x00000006c4a00000, 0x00000006d2100000, 0x000000076c380000)
  object space 220160K, 14% used [0x00000006c4a00000,0x00000006c69a5678,0x00000006d2100000)
 Metaspace       used 73116K, capacity 76966K, committed 77056K, reserved 1116160K
  class space    used 10356K, capacity 10982K, committed 11008K, reserved 1048576K
Event: 28.047 GC heap after
Heap after GC invocations=14 (full 3):
 PSYoungGen      total 288256K, used 19429K [0x000000076c380000, 0x0000000782680000, 0x00000007c0000000)
  eden space 268800K, 0% used [0x000000076c380000,0x000000076c380000,0x000000077ca00000)
  from space 19456K, 99% used [0x000000077ca00000,0x000000077dcf9458,0x000000077dd00000)
  to   space 24064K, 0% used [0x0000000780f00000,0x0000000780f00000,0x0000000782680000)
 ParOldGen       total 220160K, used 37872K [0x00000006c4a00000, 0x00000006d2100000, 0x000000076c380000)
  object space 220160K, 17% used [0x00000006c4a00000,0x00000006c6efc018,0x00000006d2100000)
 Metaspace       used 73116K, capacity 76966K, committed 77056K, reserved 1116160K
  class space    used 10356K, capacity 10982K, committed 11008K, reserved 1048576K
}

