# JRE version: Java(TM) SE Runtime Environment (8.0_271-b09) (build 1.8.0_271-b09)
# Java VM: Java HotSpot(TM) 64-Bit Server VM (25.271-b09 mixed mode windows-amd64 compressed oops)
Heap:
 PSYoungGen      total 196096K, used 105189K [0x000000076c380000, 0x000000077a400000, 0x00000007c0000000)
  eden space 185856K, 56% used [0x000000076c380000,0x0000000772a39460,0x0000000777900000)
  from space 10240K, 0% used [0x0000000778500000,0x0000000778500000,0x0000000778f00000)
  to   space 12288K, 0% used [0x0000000777900000,0x0000000777900000,0x0000000778500000)
 ParOldGen       total 136704K, used 16086K [0x00000006c4a00000, 0x00000006ccf80000, 0x000000076c380000)
  object space 136704K, 11% used [0x00000006c4a00000,0x00000006c59b5908,0x00000006ccf80000)
 Metaspace       used 39121K, capacity 41491K, committed 41856K, reserved 1085440K
  class space    used 5241K, capacity 5693K, committed 5760K, reserved 1048576K
GC Heap History (10 events):
Event: 3.780 GC heap before
{Heap before GC invocations=4 (full 1):
 PSYoungGen      total 75264K, used 6737K [0x000000076c380000, 0x0000000775680000, 0x00000007c0000000)
  eden space 64512K, 0% used [0x000000076c380000,0x000000076c380000,0x0000000770280000)
  from space 10752K, 62% used [0x0000000770280000,0x0000000770914508,0x0000000770d00000)
  to   space 10752K, 0% used [0x0000000774c00000,0x0000000774c00000,0x0000000775680000)
 ParOldGen       total 172032K, used 96K [0x00000006c4a00000, 0x00000006cf200000, 0x000000076c380000)
  object space 172032K, 0% used [0x00000006c4a00000,0x00000006c4a18010,0x00000006cf200000)
 Metaspace       used 19847K, capacity 21216K, committed 21296K, reserved 1067008K
  class space    used 2599K, capacity 2874K, committed 2944K, reserved 1048576K
Event: 3.799 GC heap after
Heap after GC invocations=4 (full 1):
 PSYoungGen      total 75264K, used 0K [0x000000076c380000, 0x0000000775680000, 0x00000007c0000000)
  eden space 64512K, 0% used [0x000000076c380000,0x000000076c380000,0x0000000770280000)
  from space 10752K, 0% used [0x0000000770280000,0x0000000770280000,0x0000000770d00000)
  to   space 10752K, 0% used [0x0000000774c00000,0x0000000774c00000,0x0000000775680000)
 ParOldGen       total 92672K, used 6605K [0x00000006c4a00000, 0x00000006ca480000, 0x000000076c380000)
  object space 92672K, 7% used [0x00000006c4a00000,0x00000006c5073498,0x00000006ca480000)
 Metaspace       used 19847K, capacity 21216K, committed 21296K, reserved 1067008K
  class space    used 2599K, capacity 2874K, committed 2944K, reserved 1048576K
}
Event: 3.989 GC heap before
{Heap before GC invocations=5 (full 1):
 PSYoungGen      total 75264K, used 64512K [0x000000076c380000, 0x0000000775680000, 0x00000007c0000000)
  eden space 64512K, 100% used [0x000000076c380000,0x0000000770280000,0x0000000770280000)
  from space 10752K, 0% used [0x0000000770280000,0x0000000770280000,0x0000000770d00000)
  to   space 10752K, 0% used [0x0000000774c00000,0x0000000774c00000,0x0000000775680000)
 ParOldGen       total 92672K, used 6605K [0x00000006c4a00000, 0x00000006ca480000, 0x000000076c380000)
  object space 92672K, 7% used [0x00000006c4a00000,0x00000006c5073498,0x00000006ca480000)
 Metaspace       used 23013K, capacity 24576K, committed 24832K, reserved 1071104K
  class space    used 3151K, capacity 3463K, committed 3584K, reserved 1048576K
Event: 3.992 GC heap after
Heap after GC invocations=5 (full 1):
 PSYoungGen      total 114176K, used 4275K [0x000000076c380000, 0x0000000775080000, 0x00000007c0000000)
  eden space 109568K, 0% used [0x000000076c380000,0x000000076c380000,0x0000000772e80000)
  from space 4608K, 92% used [0x0000000774c00000,0x000000077502cda8,0x0000000775080000)
  to   space 10752K, 0% used [0x0000000773b80000,0x0000000773b80000,0x0000000774600000)
 ParOldGen       total 92672K, used 6613K [0x00000006c4a00000, 0x00000006ca480000, 0x000000076c380000)
  object space 92672K, 7% used [0x00000006c4a00000,0x00000006c5075498,0x00000006ca480000)
 Metaspace       used 23013K, capacity 24576K, committed 24832K, reserved 1071104K
  class space    used 3151K, capacity 3463K, committed 3584K, reserved 1048576K
}
Event: 5.609 GC heap before
{Heap before GC invocations=6 (full 1):
 PSYoungGen      total 114176K, used 113843K [0x000000076c380000, 0x0000000775080000, 0x00000007c0000000)
  eden space 109568K, 100% used [0x000000076c380000,0x0000000772e80000,0x0000000772e80000)
  from space 4608K, 92% used [0x0000000774c00000,0x000000077502cda8,0x0000000775080000)
  to   space 10752K, 0% used [0x0000000773b80000,0x0000000773b80000,0x0000000774600000)
 ParOldGen       total 92672K, used 6613K [0x00000006c4a00000, 0x00000006ca480000, 0x000000076c380000)
  object space 92672K, 7% used [0x00000006c4a00000,0x00000006c5075498,0x00000006ca480000)
 Metaspace       used 28486K, capacity 30152K, committed 30336K, reserved 1075200K
  class space    used 3796K, capacity 4139K, committed 4224K, reserved 1048576K
Event: 5.633 GC heap after
Heap after GC invocations=6 (full 1):
 PSYoungGen      total 133632K, used 9232K [0x000000076c380000, 0x0000000778f00000, 0x00000007c0000000)
  eden space 122880K, 0% used [0x000000076c380000,0x000000076c380000,0x0000000773b80000)
  from space 10752K, 85% used [0x0000000773b80000,0x0000000774484198,0x0000000774600000)
  to   space 10240K, 0% used [0x0000000778500000,0x0000000778500000,0x0000000778f00000)
 ParOldGen       total 92672K, used 6621K [0x00000006c4a00000, 0x00000006ca480000, 0x000000076c380000)
  object space 92672K, 7% used [0x00000006c4a00000,0x00000006c5077498,0x00000006ca480000)
 Metaspace       used 28486K, capacity 30152K, committed 30336K, reserved 1075200K
  class space    used 3796K, capacity 4139K, committed 4224K, reserved 1048576K
}
Event: 7.540 GC heap before
{Heap before GC invocations=7 (full 1):
 PSYoungGen      total 133632K, used 122439K [0x000000076c380000, 0x0000000778f00000, 0x00000007c0000000)
  eden space 122880K, 92% used [0x000000076c380000,0x000000077320dda0,0x0000000773b80000)
  from space 10752K, 85% used [0x0000000773b80000,0x0000000774484198,0x0000000774600000)
  to   space 10240K, 0% used [0x0000000778500000,0x0000000778500000,0x0000000778f00000)
 ParOldGen       total 92672K, used 6621K [0x00000006c4a00000, 0x00000006ca480000, 0x000000076c380000)
  object space 92672K, 7% used [0x00000006c4a00000,0x00000006c5077498,0x00000006ca480000)
 Metaspace       used 33443K, capacity 35495K, committed 35496K, reserved 1079296K
  class space    used 4467K, capacity 4863K, committed 4864K, reserved 1048576K
Event: 7.546 GC heap after
Heap after GC invocations=7 (full 1):
 PSYoungGen      total 196096K, used 10219K [0x000000076c380000, 0x000000077a400000, 0x00000007c0000000)
  eden space 185856K, 0% used [0x000000076c380000,0x000000076c380000,0x0000000777900000)
  from space 10240K, 99% used [0x0000000778500000,0x0000000778efac30,0x0000000778f00000)
  to   space 12288K, 0% used [0x0000000777900000,0x0000000777900000,0x0000000778500000)
 ParOldGen       total 92672K, used 7697K [0x00000006c4a00000, 0x00000006ca480000, 0x000000076c380000)
  object space 92672K, 8% used [0x00000006c4a00000,0x00000006c5184700,0x00000006ca480000)
 Metaspace       used 33443K, capacity 35495K, committed 35496K, reserved 1079296K
  class space    used 4467K, capacity 4863K, committed 4864K, reserved 1048576K
}
Event: 7.546 GC heap before
{Heap before GC invocations=8 (full 2):
 PSYoungGen      total 196096K, used 10219K [0x000000076c380000, 0x000000077a400000, 0x00000007c0000000)
  eden space 185856K, 0% used [0x000000076c380000,0x000000076c380000,0x0000000777900000)
  from space 10240K, 99% used [0x0000000778500000,0x0000000778efac30,0x0000000778f00000)
  to   space 12288K, 0% used [0x0000000777900000,0x0000000777900000,0x0000000778500000)
 ParOldGen       total 92672K, used 7697K [0x00000006c4a00000, 0x00000006ca480000, 0x000000076c380000)
  object space 92672K, 8% used [0x00000006c4a00000,0x00000006c5184700,0x00000006ca480000)
 Metaspace       used 33443K, capacity 35495K, committed 35496K, reserved 1079296K
  class space    used 4467K, capacity 4863K, committed 4864K, reserved 1048576K
Event: 7.576 GC heap after
Heap after GC invocations=8 (full 2):
 PSYoungGen      total 196096K, used 0K [0x000000076c380000, 0x000000077a400000, 0x00000007c0000000)
  eden space 185856K, 0% used [0x000000076c380000,0x000000076c380000,0x0000000777900000)
  from space 10240K, 0% used [0x0000000778500000,0x0000000778500000,0x0000000778f00000)
  to   space 12288K, 0% used [0x0000000777900000,0x0000000777900000,0x0000000778500000)
 ParOldGen       total 136704K, used 16086K [0x00000006c4a00000, 0x00000006ccf80000, 0x000000076c380000)
  object space 136704K, 11% used [0x00000006c4a00000,0x00000006c59b5908,0x00000006ccf80000)
 Metaspace       used 33443K, capacity 35495K, committed 35496K, reserved 1079296K
  class space    used 4467K, capacity 4863K, committed 4864K, reserved 1048576K
}

