# JRE version: Java(TM) SE Runtime Environment (8.0_271-b09) (build 1.8.0_271-b09)
# Java VM: Java HotSpot(TM) 64-Bit Server VM (25.271-b09 mixed mode windows-amd64 compressed oops)
Heap:
 PSYoungGen      total 128000K, used 116243K [0x00000000f5580000, 0x0000000100000000, 0x0000000100000000)
  eden space 94720K, 87% used [0x00000000f5580000,0x00000000fa6ae7e8,0x00000000fb200000)
  from space 33280K, 99% used [0x00000000fb200000,0x00000000fd256518,0x00000000fd280000)
  to   space 43008K, 0% used [0x00000000fd600000,0x00000000fd600000,0x0000000100000000)
 ParOldGen       total 228352K, used 66898K [0x00000000e0000000, 0x00000000edf00000, 0x00000000f5580000)
  object space 228352K, 29% used [0x00000000e0000000,0x00000000e4154988,0x00000000edf00000)
 Metaspace       used 42366K, capacity 43276K, committed 43568K, reserved 1087488K
  class space    used 4859K, capacity 5139K, committed 5168K, reserved 1048576K
GC Heap History (10 events):
Event: 21.644 GC heap before
{Heap before GC invocations=17 (full 2):
 PSYoungGen      total 153600K, used 149834K [0x00000000f5580000, 0x0000000100000000, 0x0000000100000000)
  eden space 133632K, 100% used [0x00000000f5580000,0x00000000fd800000,0x00000000fd800000)
  from space 19968K, 81% used [0x00000000fec80000,0x00000000ffc52870,0x0000000100000000)
  to   space 20480K, 0% used [0x00000000fd800000,0x00000000fd800000,0x00000000fec00000)
 ParOldGen       total 228352K, used 37449K [0x00000000e0000000, 0x00000000edf00000, 0x00000000f5580000)
  object space 228352K, 16% used [0x00000000e0000000,0x00000000e24926e0,0x00000000edf00000)
 Metaspace       used 37514K, capacity 38312K, committed 38448K, reserved 1083392K
  class space    used 4397K, capacity 4641K, committed 4656K, reserved 1048576K
Event: 21.670 GC heap after
Heap after GC invocations=17 (full 2):
 PSYoungGen      total 154112K, used 20479K [0x00000000f5580000, 0x0000000100000000, 0x0000000100000000)
  eden space 133632K, 0% used [0x00000000f5580000,0x00000000f5580000,0x00000000fd800000)
  from space 20480K, 99% used [0x00000000fd800000,0x00000000febffdc0,0x00000000fec00000)
  to   space 20480K, 0% used [0x00000000fec00000,0x00000000fec00000,0x0000000100000000)
 ParOldGen       total 228352K, used 50390K [0x00000000e0000000, 0x00000000edf00000, 0x00000000f5580000)
  object space 228352K, 22% used [0x00000000e0000000,0x00000000e3135bc0,0x00000000edf00000)
 Metaspace       used 37514K, capacity 38312K, committed 38448K, reserved 1083392K
  class space    used 4397K, capacity 4641K, committed 4656K, reserved 1048576K
}
Event: 23.356 GC heap before
{Heap before GC invocations=18 (full 2):
 PSYoungGen      total 154112K, used 154111K [0x00000000f5580000, 0x0000000100000000, 0x0000000100000000)
  eden space 133632K, 100% used [0x00000000f5580000,0x00000000fd800000,0x00000000fd800000)
  from space 20480K, 99% used [0x00000000fd800000,0x00000000febffdc0,0x00000000fec00000)
  to   space 20480K, 0% used [0x00000000fec00000,0x00000000fec00000,0x0000000100000000)
 ParOldGen       total 228352K, used 50390K [0x00000000e0000000, 0x00000000edf00000, 0x00000000f5580000)
  object space 228352K, 22% used [0x00000000e0000000,0x00000000e3135bc0,0x00000000edf00000)
 Metaspace       used 37536K, capacity 38312K, committed 38448K, reserved 1083392K
  class space    used 4397K, capacity 4641K, committed 4656K, reserved 1048576K
Event: 23.389 GC heap after
Heap after GC invocations=18 (full 2):
 PSYoungGen      total 131584K, used 20465K [0x00000000f5580000, 0x0000000100000000, 0x0000000100000000)
  eden space 111104K, 0% used [0x00000000f5580000,0x00000000f5580000,0x00000000fc200000)
  from space 20480K, 99% used [0x00000000fec00000,0x00000000ffffc4f8,0x0000000100000000)
  to   space 31744K, 0% used [0x00000000fc200000,0x00000000fc200000,0x00000000fe100000)
 ParOldGen       total 228352K, used 59367K [0x00000000e0000000, 0x00000000edf00000, 0x00000000f5580000)
  object space 228352K, 25% used [0x00000000e0000000,0x00000000e39f9e58,0x00000000edf00000)
 Metaspace       used 37536K, capacity 38312K, committed 38448K, reserved 1083392K
  class space    used 4397K, capacity 4641K, committed 4656K, reserved 1048576K
}
Event: 25.846 GC heap before
{Heap before GC invocations=19 (full 2):
 PSYoungGen      total 131584K, used 131569K [0x00000000f5580000, 0x0000000100000000, 0x0000000100000000)
  eden space 111104K, 100% used [0x00000000f5580000,0x00000000fc200000,0x00000000fc200000)
  from space 20480K, 99% used [0x00000000fec00000,0x00000000ffffc4f8,0x0000000100000000)
  to   space 31744K, 0% used [0x00000000fc200000,0x00000000fc200000,0x00000000fe100000)
 ParOldGen       total 228352K, used 59367K [0x00000000e0000000, 0x00000000edf00000, 0x00000000f5580000)
  object space 228352K, 25% used [0x00000000e0000000,0x00000000e39f9e58,0x00000000edf00000)
 Metaspace       used 38847K, capacity 39624K, committed 39856K, reserved 1085440K
  class space    used 4510K, capacity 4737K, committed 4784K, reserved 1048576K
Event: 25.878 GC heap after
Heap after GC invocations=19 (full 2):
 PSYoungGen      total 142848K, used 31288K [0x00000000f5580000, 0x0000000100000000, 0x0000000100000000)
  eden space 111104K, 0% used [0x00000000f5580000,0x00000000f5580000,0x00000000fc200000)
  from space 31744K, 98% used [0x00000000fc200000,0x00000000fe08e018,0x00000000fe100000)
  to   space 31744K, 0% used [0x00000000fe100000,0x00000000fe100000,0x0000000100000000)
 ParOldGen       total 228352K, used 59375K [0x00000000e0000000, 0x00000000edf00000, 0x00000000f5580000)
  object space 228352K, 26% used [0x00000000e0000000,0x00000000e39fbe58,0x00000000edf00000)
 Metaspace       used 38847K, capacity 39624K, committed 39856K, reserved 1085440K
  class space    used 4510K, capacity 4737K, committed 4784K, reserved 1048576K
}
Event: 28.146 GC heap before
{Heap before GC invocations=20 (full 2):
 PSYoungGen      total 142848K, used 142392K [0x00000000f5580000, 0x0000000100000000, 0x0000000100000000)
  eden space 111104K, 100% used [0x00000000f5580000,0x00000000fc200000,0x00000000fc200000)
  from space 31744K, 98% used [0x00000000fc200000,0x00000000fe08e018,0x00000000fe100000)
  to   space 31744K, 0% used [0x00000000fe100000,0x00000000fe100000,0x0000000100000000)
 ParOldGen       total 228352K, used 59375K [0x00000000e0000000, 0x00000000edf00000, 0x00000000f5580000)
  object space 228352K, 26% used [0x00000000e0000000,0x00000000e39fbe58,0x00000000edf00000)
 Metaspace       used 39557K, capacity 40296K, committed 40368K, reserved 1085440K
  class space    used 4545K, capacity 4769K, committed 4784K, reserved 1048576K
Event: 28.188 GC heap after
Heap after GC invocations=20 (full 2):
 PSYoungGen      total 126464K, used 31724K [0x00000000f5580000, 0x0000000100000000, 0x0000000100000000)
  eden space 94720K, 0% used [0x00000000f5580000,0x00000000f5580000,0x00000000fb200000)
  from space 31744K, 99% used [0x00000000fe100000,0x00000000ffffb2d8,0x0000000100000000)
  to   space 39936K, 0% used [0x00000000fb200000,0x00000000fb200000,0x00000000fd900000)
 ParOldGen       total 228352K, used 62175K [0x00000000e0000000, 0x00000000edf00000, 0x00000000f5580000)
  object space 228352K, 27% used [0x00000000e0000000,0x00000000e3cb7c08,0x00000000edf00000)
 Metaspace       used 39557K, capacity 40296K, committed 40368K, reserved 1085440K
  class space    used 4545K, capacity 4769K, committed 4784K, reserved 1048576K
}
Event: 30.389 GC heap before
{Heap before GC invocations=21 (full 2):
 PSYoungGen      total 126464K, used 126444K [0x00000000f5580000, 0x0000000100000000, 0x0000000100000000)
  eden space 94720K, 100% used [0x00000000f5580000,0x00000000fb200000,0x00000000fb200000)
  from space 31744K, 99% used [0x00000000fe100000,0x00000000ffffb2d8,0x0000000100000000)
  to   space 39936K, 0% used [0x00000000fb200000,0x00000000fb200000,0x00000000fd900000)
 ParOldGen       total 228352K, used 62175K [0x00000000e0000000, 0x00000000edf00000, 0x00000000f5580000)
  object space 228352K, 27% used [0x00000000e0000000,0x00000000e3cb7c08,0x00000000edf00000)
 Metaspace       used 40022K, capacity 40882K, committed 41008K, reserved 1085440K
  class space    used 4613K, capacity 4878K, committed 4912K, reserved 1048576K
Event: 30.429 GC heap after
Heap after GC invocations=21 (full 2):
 PSYoungGen      total 128000K, used 33113K [0x00000000f5580000, 0x0000000100000000, 0x0000000100000000)
  eden space 94720K, 0% used [0x00000000f5580000,0x00000000f5580000,0x00000000fb200000)
  from space 33280K, 99% used [0x00000000fb200000,0x00000000fd256518,0x00000000fd280000)
  to   space 43008K, 0% used [0x00000000fd600000,0x00000000fd600000,0x0000000100000000)
 ParOldGen       total 228352K, used 66898K [0x00000000e0000000, 0x00000000edf00000, 0x00000000f5580000)
  object space 228352K, 29% used [0x00000000e0000000,0x00000000e4154988,0x00000000edf00000)
 Metaspace       used 40022K, capacity 40882K, committed 41008K, reserved 1085440K
  class space    used 4613K, capacity 4878K, committed 4912K, reserved 1048576K
}

