# JRE version: Java(TM) SE Runtime Environment (8.0_271-b09) (build 1.8.0_271-b09)
# Java VM: Java HotSpot(TM) 64-Bit Server VM (25.271-b09 mixed mode windows-amd64 compressed oops)
Heap:
 PSYoungGen      total 146432K, used 53753K [0x000000076c380000, 0x000000077ab00000, 0x00000007c0000000)
  eden space 134656K, 39% used [0x000000076c380000,0x000000076f7fe750,0x0000000774700000)
  from space 11776K, 0% used [0x0000000774700000,0x0000000774700000,0x0000000775280000)
  to   space 11776K, 0% used [0x0000000779f80000,0x0000000779f80000,0x000000077ab00000)
 ParOldGen       total 155136K, used 11434K [0x00000006c4a00000, 0x00000006ce180000, 0x000000076c380000)
  object space 155136K, 7% used [0x00000006c4a00000,0x00000006c552a808,0x00000006ce180000)
 Metaspace       used 35088K, capacity 37394K, committed 37504K, reserved 1081344K
  class space    used 4731K, capacity 5180K, committed 5248K, reserved 1048576K
GC Heap History (10 events):
Event: 1.319 GC heap before
{Heap before GC invocations=5 (full 1):
 PSYoungGen      total 75264K, used 64512K [0x000000076c380000, 0x0000000775680000, 0x00000007c0000000)
  eden space 64512K, 100% used [0x000000076c380000,0x0000000770280000,0x0000000770280000)
  from space 10752K, 0% used [0x0000000770280000,0x0000000770280000,0x0000000770d00000)
  to   space 10752K, 0% used [0x0000000774c00000,0x0000000774c00000,0x0000000775680000)
 ParOldGen       total 106496K, used 6569K [0x00000006c4a00000, 0x00000006cb200000, 0x000000076c380000)
  object space 106496K, 6% used [0x00000006c4a00000,0x00000006c506a5a0,0x00000006cb200000)
 Metaspace       used 22939K, capacity 24498K, committed 24832K, reserved 1071104K
  class space    used 3141K, capacity 3462K, committed 3584K, reserved 1048576K
Event: 1.322 GC heap after
Heap after GC invocations=5 (full 1):
 PSYoungGen      total 98816K, used 4304K [0x000000076c380000, 0x0000000775080000, 0x00000007c0000000)
  eden space 94208K, 0% used [0x000000076c380000,0x000000076c380000,0x0000000771f80000)
  from space 4608K, 93% used [0x0000000774c00000,0x0000000775034320,0x0000000775080000)
  to   space 10752K, 0% used [0x0000000773b80000,0x0000000773b80000,0x0000000774600000)
 ParOldGen       total 106496K, used 6569K [0x00000006c4a00000, 0x00000006cb200000, 0x000000076c380000)
  object space 106496K, 6% used [0x00000006c4a00000,0x00000006c506a5a0,0x00000006cb200000)
 Metaspace       used 22939K, capacity 24498K, committed 24832K, reserved 1071104K
  class space    used 3141K, capacity 3462K, committed 3584K, reserved 1048576K
}
Event: 1.616 GC heap before
{Heap before GC invocations=6 (full 1):
 PSYoungGen      total 98816K, used 98512K [0x000000076c380000, 0x0000000775080000, 0x00000007c0000000)
  eden space 94208K, 100% used [0x000000076c380000,0x0000000771f80000,0x0000000771f80000)
  from space 4608K, 93% used [0x0000000774c00000,0x0000000775034320,0x0000000775080000)
  to   space 10752K, 0% used [0x0000000773b80000,0x0000000773b80000,0x0000000774600000)
 ParOldGen       total 106496K, used 6569K [0x00000006c4a00000, 0x00000006cb200000, 0x000000076c380000)
  object space 106496K, 6% used [0x00000006c4a00000,0x00000006c506a5a0,0x00000006cb200000)
 Metaspace       used 27950K, capacity 29550K, committed 29696K, reserved 1075200K
  class space    used 3713K, capacity 4054K, committed 4096K, reserved 1048576K
Event: 1.621 GC heap after
Heap after GC invocations=6 (full 1):
 PSYoungGen      total 133632K, used 8167K [0x000000076c380000, 0x0000000775c00000, 0x00000007c0000000)
  eden space 122880K, 0% used [0x000000076c380000,0x000000076c380000,0x0000000773b80000)
  from space 10752K, 75% used [0x0000000773b80000,0x0000000774379cf0,0x0000000774600000)
  to   space 9728K, 0% used [0x0000000775280000,0x0000000775280000,0x0000000775c00000)
 ParOldGen       total 106496K, used 6577K [0x00000006c4a00000, 0x00000006cb200000, 0x000000076c380000)
  object space 106496K, 6% used [0x00000006c4a00000,0x00000006c506c5a0,0x00000006cb200000)
 Metaspace       used 27950K, capacity 29550K, committed 29696K, reserved 1075200K
  class space    used 3713K, capacity 4054K, committed 4096K, reserved 1048576K
}
Event: 2.318 GC heap before
{Heap before GC invocations=7 (full 1):
 PSYoungGen      total 133632K, used 131047K [0x000000076c380000, 0x0000000775c00000, 0x00000007c0000000)
  eden space 122880K, 100% used [0x000000076c380000,0x0000000773b80000,0x0000000773b80000)
  from space 10752K, 75% used [0x0000000773b80000,0x0000000774379cf0,0x0000000774600000)
  to   space 9728K, 0% used [0x0000000775280000,0x0000000775280000,0x0000000775c00000)
 ParOldGen       total 106496K, used 6577K [0x00000006c4a00000, 0x00000006cb200000, 0x000000076c380000)
  object space 106496K, 6% used [0x00000006c4a00000,0x00000006c506c5a0,0x00000006cb200000)
 Metaspace       used 33056K, capacity 35122K, committed 35328K, reserved 1079296K
  class space    used 4418K, capacity 4818K, committed 4864K, reserved 1048576K
Event: 2.324 GC heap after
Heap after GC invocations=7 (full 1):
 PSYoungGen      total 144384K, used 9713K [0x000000076c380000, 0x0000000778480000, 0x00000007c0000000)
  eden space 134656K, 0% used [0x000000076c380000,0x000000076c380000,0x0000000774700000)
  from space 9728K, 99% used [0x0000000775280000,0x0000000775bfc780,0x0000000775c00000)
  to   space 11776K, 0% used [0x0000000774700000,0x0000000774700000,0x0000000775280000)
 ParOldGen       total 106496K, used 8140K [0x00000006c4a00000, 0x00000006cb200000, 0x000000076c380000)
  object space 106496K, 7% used [0x00000006c4a00000,0x00000006c51f3020,0x00000006cb200000)
 Metaspace       used 33056K, capacity 35122K, committed 35328K, reserved 1079296K
  class space    used 4418K, capacity 4818K, committed 4864K, reserved 1048576K
}
Event: 2.373 GC heap before
{Heap before GC invocations=8 (full 1):
 PSYoungGen      total 144384K, used 18856K [0x000000076c380000, 0x0000000778480000, 0x00000007c0000000)
  eden space 134656K, 6% used [0x000000076c380000,0x000000076cc6d8e0,0x0000000774700000)
  from space 9728K, 99% used [0x0000000775280000,0x0000000775bfc780,0x0000000775c00000)
  to   space 11776K, 0% used [0x0000000774700000,0x0000000774700000,0x0000000775280000)
 ParOldGen       total 106496K, used 8140K [0x00000006c4a00000, 0x00000006cb200000, 0x000000076c380000)
  object space 106496K, 7% used [0x00000006c4a00000,0x00000006c51f3020,0x00000006cb200000)
 Metaspace       used 33445K, capacity 35492K, committed 35496K, reserved 1079296K
  class space    used 4467K, capacity 4863K, committed 4864K, reserved 1048576K
Event: 2.377 GC heap after
Heap after GC invocations=8 (full 1):
 PSYoungGen      total 146432K, used 6253K [0x000000076c380000, 0x000000077ab00000, 0x00000007c0000000)
  eden space 134656K, 0% used [0x000000076c380000,0x000000076c380000,0x0000000774700000)
  from space 11776K, 53% used [0x0000000774700000,0x0000000774d1b538,0x0000000775280000)
  to   space 11776K, 0% used [0x0000000779f80000,0x0000000779f80000,0x000000077ab00000)
 ParOldGen       total 106496K, used 8148K [0x00000006c4a00000, 0x00000006cb200000, 0x000000076c380000)
  object space 106496K, 7% used [0x00000006c4a00000,0x00000006c51f5020,0x00000006cb200000)
 Metaspace       used 33445K, capacity 35492K, committed 35496K, reserved 1079296K
  class space    used 4467K, capacity 4863K, committed 4864K, reserved 1048576K
}
Event: 2.377 GC heap before
{Heap before GC invocations=9 (full 2):
 PSYoungGen      total 146432K, used 6253K [0x000000076c380000, 0x000000077ab00000, 0x00000007c0000000)
  eden space 134656K, 0% used [0x000000076c380000,0x000000076c380000,0x0000000774700000)
  from space 11776K, 53% used [0x0000000774700000,0x0000000774d1b538,0x0000000775280000)
  to   space 11776K, 0% used [0x0000000779f80000,0x0000000779f80000,0x000000077ab00000)
 ParOldGen       total 106496K, used 8148K [0x00000006c4a00000, 0x00000006cb200000, 0x000000076c380000)
  object space 106496K, 7% used [0x00000006c4a00000,0x00000006c51f5020,0x00000006cb200000)
 Metaspace       used 33445K, capacity 35492K, committed 35496K, reserved 1079296K
  class space    used 4467K, capacity 4863K, committed 4864K, reserved 1048576K
Event: 2.405 GC heap after
Heap after GC invocations=9 (full 2):
 PSYoungGen      total 146432K, used 0K [0x000000076c380000, 0x000000077ab00000, 0x00000007c0000000)
  eden space 134656K, 0% used [0x000000076c380000,0x000000076c380000,0x0000000774700000)
  from space 11776K, 0% used [0x0000000774700000,0x0000000774700000,0x0000000775280000)
  to   space 11776K, 0% used [0x0000000779f80000,0x0000000779f80000,0x000000077ab00000)
 ParOldGen       total 155136K, used 11434K [0x00000006c4a00000, 0x00000006ce180000, 0x000000076c380000)
  object space 155136K, 7% used [0x00000006c4a00000,0x00000006c552a808,0x00000006ce180000)
 Metaspace       used 33445K, capacity 35492K, committed 35496K, reserved 1079296K
  class space    used 4467K, capacity 4863K, committed 4864K, reserved 1048576K
}

