# JRE version: Java(TM) SE Runtime Environment (8.0_271-b09) (build 1.8.0_271-b09)
# Java VM: Java HotSpot(TM) 64-Bit Server VM (25.271-b09 mixed mode windows-amd64 compressed oops)
Heap:
 PSYoungGen      total 535040K, used 161167K [0x000000076c380000, 0x000000078f100000, 0x00000007c0000000)
  eden space 515072K, 27% used [0x000000076c380000,0x0000000774d640d0,0x000000078ba80000)
  from space 19968K, 99% used [0x000000078dd80000,0x000000078f0ffb88,0x000000078f100000)
  to   space 24064K, 0% used [0x000000078c200000,0x000000078c200000,0x000000078d980000)
 ParOldGen       total 129024K, used 33318K [0x00000006c4a00000, 0x00000006cc800000, 0x000000076c380000)
  object space 129024K, 25% used [0x00000006c4a00000,0x00000006c6a89938,0x00000006cc800000)
 Metaspace       used 73062K, capacity 77006K, committed 77184K, reserved 1116160K
  class space    used 10365K, capacity 11020K, committed 11136K, reserved 1048576K
GC Heap History (10 events):
Event: 10.638 GC heap before
{Heap before GC invocations=9 (full 2):
 PSYoungGen      total 193024K, used 6802K [0x000000076c380000, 0x0000000782f80000, 0x00000007c0000000)
  eden space 179712K, 0% used [0x000000076c380000,0x000000076c380000,0x0000000777300000)
  from space 13312K, 51% used [0x0000000777300000,0x00000007779a4ba0,0x0000000778000000)
  to   space 12800K, 0% used [0x0000000782300000,0x0000000782300000,0x0000000782f80000)
 ParOldGen       total 90624K, used 7410K [0x00000006c4a00000, 0x00000006ca280000, 0x000000076c380000)
  object space 90624K, 8% used [0x00000006c4a00000,0x00000006c513caf8,0x00000006ca280000)
 Metaspace       used 33375K, capacity 35390K, committed 35496K, reserved 1079296K
  class space    used 4471K, capacity 4856K, committed 4864K, reserved 1048576K
Event: 10.664 GC heap after
Heap after GC invocations=9 (full 2):
 PSYoungGen      total 193024K, used 0K [0x000000076c380000, 0x0000000782f80000, 0x00000007c0000000)
  eden space 179712K, 0% used [0x000000076c380000,0x000000076c380000,0x0000000777300000)
  from space 13312K, 0% used [0x0000000777300000,0x0000000777300000,0x0000000778000000)
  to   space 12800K, 0% used [0x0000000782300000,0x0000000782300000,0x0000000782f80000)
 ParOldGen       total 101376K, used 11936K [0x00000006c4a00000, 0x00000006cad00000, 0x000000076c380000)
  object space 101376K, 11% used [0x00000006c4a00000,0x00000006c55a80f8,0x00000006cad00000)
 Metaspace       used 33375K, capacity 35390K, committed 35496K, reserved 1079296K
  class space    used 4471K, capacity 4856K, committed 4864K, reserved 1048576K
}
Event: 14.121 GC heap before
{Heap before GC invocations=10 (full 2):
 PSYoungGen      total 193024K, used 179712K [0x000000076c380000, 0x0000000782f80000, 0x00000007c0000000)
  eden space 179712K, 100% used [0x000000076c380000,0x0000000777300000,0x0000000777300000)
  from space 13312K, 0% used [0x0000000777300000,0x0000000777300000,0x0000000778000000)
  to   space 12800K, 0% used [0x0000000782300000,0x0000000782300000,0x0000000782f80000)
 ParOldGen       total 101376K, used 11936K [0x00000006c4a00000, 0x00000006cad00000, 0x000000076c380000)
  object space 101376K, 11% used [0x00000006c4a00000,0x00000006c55a80f8,0x00000006cad00000)
 Metaspace       used 49178K, capacity 51696K, committed 52096K, reserved 1093632K
  class space    used 6743K, capacity 7207K, committed 7296K, reserved 1048576K
Event: 14.134 GC heap after
Heap after GC invocations=10 (full 2):
 PSYoungGen      total 355840K, used 12779K [0x000000076c380000, 0x0000000783780000, 0x00000007c0000000)
  eden space 343040K, 0% used [0x000000076c380000,0x000000076c380000,0x0000000781280000)
  from space 12800K, 99% used [0x0000000782300000,0x0000000782f7ae78,0x0000000782f80000)
  to   space 16896K, 0% used [0x0000000781280000,0x0000000781280000,0x0000000782300000)
 ParOldGen       total 101376K, used 17910K [0x00000006c4a00000, 0x00000006cad00000, 0x000000076c380000)
  object space 101376K, 17% used [0x00000006c4a00000,0x00000006c5b7da68,0x00000006cad00000)
 Metaspace       used 49178K, capacity 51696K, committed 52096K, reserved 1093632K
  class space    used 6743K, capacity 7207K, committed 7296K, reserved 1048576K
}
Event: 17.580 GC heap before
{Heap before GC invocations=11 (full 2):
 PSYoungGen      total 355840K, used 123450K [0x000000076c380000, 0x0000000783780000, 0x00000007c0000000)
  eden space 343040K, 32% used [0x000000076c380000,0x0000000772f93a28,0x0000000781280000)
  from space 12800K, 99% used [0x0000000782300000,0x0000000782f7ae78,0x0000000782f80000)
  to   space 16896K, 0% used [0x0000000781280000,0x0000000781280000,0x0000000782300000)
 ParOldGen       total 101376K, used 17910K [0x00000006c4a00000, 0x00000006cad00000, 0x000000076c380000)
  object space 101376K, 17% used [0x00000006c4a00000,0x00000006c5b7da68,0x00000006cad00000)
 Metaspace       used 56223K, capacity 58900K, committed 59136K, reserved 1099776K
  class space    used 7970K, capacity 8439K, committed 8448K, reserved 1048576K
Event: 17.592 GC heap after
Heap after GC invocations=11 (full 2):
 PSYoungGen      total 359936K, used 16884K [0x000000076c380000, 0x000000078f100000, 0x00000007c0000000)
  eden space 343040K, 0% used [0x000000076c380000,0x000000076c380000,0x0000000781280000)
  from space 16896K, 99% used [0x0000000781280000,0x00000007822fd2e0,0x0000000782300000)
  to   space 19968K, 0% used [0x000000078dd80000,0x000000078dd80000,0x000000078f100000)
 ParOldGen       total 101376K, used 19659K [0x00000006c4a00000, 0x00000006cad00000, 0x000000076c380000)
  object space 101376K, 19% used [0x00000006c4a00000,0x00000006c5d32d68,0x00000006cad00000)
 Metaspace       used 56223K, capacity 58900K, committed 59136K, reserved 1099776K
  class space    used 7970K, capacity 8439K, committed 8448K, reserved 1048576K
}
Event: 17.592 GC heap before
{Heap before GC invocations=12 (full 3):
 PSYoungGen      total 359936K, used 16884K [0x000000076c380000, 0x000000078f100000, 0x00000007c0000000)
  eden space 343040K, 0% used [0x000000076c380000,0x000000076c380000,0x0000000781280000)
  from space 16896K, 99% used [0x0000000781280000,0x00000007822fd2e0,0x0000000782300000)
  to   space 19968K, 0% used [0x000000078dd80000,0x000000078dd80000,0x000000078f100000)
 ParOldGen       total 101376K, used 19659K [0x00000006c4a00000, 0x00000006cad00000, 0x000000076c380000)
  object space 101376K, 19% used [0x00000006c4a00000,0x00000006c5d32d68,0x00000006cad00000)
 Metaspace       used 56223K, capacity 58900K, committed 59136K, reserved 1099776K
  class space    used 7970K, capacity 8439K, committed 8448K, reserved 1048576K
Event: 17.702 GC heap after
Heap after GC invocations=12 (full 3):
 PSYoungGen      total 359936K, used 0K [0x000000076c380000, 0x000000078f100000, 0x00000007c0000000)
  eden space 343040K, 0% used [0x000000076c380000,0x000000076c380000,0x0000000781280000)
  from space 16896K, 0% used [0x0000000781280000,0x0000000781280000,0x0000000782300000)
  to   space 19968K, 0% used [0x000000078dd80000,0x000000078dd80000,0x000000078f100000)
 ParOldGen       total 129024K, used 29406K [0x00000006c4a00000, 0x00000006cc800000, 0x000000076c380000)
  object space 129024K, 22% used [0x00000006c4a00000,0x00000006c66b7988,0x00000006cc800000)
 Metaspace       used 56223K, capacity 58900K, committed 59136K, reserved 1099776K
  class space    used 7970K, capacity 8439K, committed 8448K, reserved 1048576K
}
Event: 25.406 GC heap before
{Heap before GC invocations=13 (full 3):
 PSYoungGen      total 359936K, used 343040K [0x000000076c380000, 0x000000078f100000, 0x00000007c0000000)
  eden space 343040K, 100% used [0x000000076c380000,0x0000000781280000,0x0000000781280000)
  from space 16896K, 0% used [0x0000000781280000,0x0000000781280000,0x0000000782300000)
  to   space 19968K, 0% used [0x000000078dd80000,0x000000078dd80000,0x000000078f100000)
 ParOldGen       total 129024K, used 29406K [0x00000006c4a00000, 0x00000006cc800000, 0x000000076c380000)
  object space 129024K, 22% used [0x00000006c4a00000,0x00000006c66b7988,0x00000006cc800000)
 Metaspace       used 69806K, capacity 73302K, committed 73600K, reserved 1112064K
  class space    used 9916K, capacity 10534K, committed 10624K, reserved 1048576K
Event: 25.525 GC heap after
Heap after GC invocations=13 (full 3):
 PSYoungGen      total 535040K, used 19966K [0x000000076c380000, 0x000000078f100000, 0x00000007c0000000)
  eden space 515072K, 0% used [0x000000076c380000,0x000000076c380000,0x000000078ba80000)
  from space 19968K, 99% used [0x000000078dd80000,0x000000078f0ffb88,0x000000078f100000)
  to   space 24064K, 0% used [0x000000078c200000,0x000000078c200000,0x000000078d980000)
 ParOldGen       total 129024K, used 33318K [0x00000006c4a00000, 0x00000006cc800000, 0x000000076c380000)
  object space 129024K, 25% used [0x00000006c4a00000,0x00000006c6a89938,0x00000006cc800000)
 Metaspace       used 69806K, capacity 73302K, committed 73600K, reserved 1112064K
  class space    used 9916K, capacity 10534K, committed 10624K, reserved 1048576K
}

