# JRE version: Java(TM) SE Runtime Environment (8.0_271-b09) (build 1.8.0_271-b09)
# Java VM: Java HotSpot(TM) 64-Bit Server VM (25.271-b09 mixed mode windows-amd64 compressed oops)
Heap:
 PSYoungGen      total 133632K, used 59910K [0x000000076c380000, 0x000000077a700000, 0x00000007c0000000)
  eden space 122880K, 48% used [0x000000076c380000,0x000000076fe01b00,0x0000000773b80000)
  from space 10752K, 0% used [0x0000000773b80000,0x0000000773b80000,0x0000000774600000)
  to   space 12288K, 0% used [0x0000000779b00000,0x0000000779b00000,0x000000077a700000)
 ParOldGen       total 92672K, used 12948K [0x00000006c4a00000, 0x00000006ca480000, 0x000000076c380000)
  object space 92672K, 13% used [0x00000006c4a00000,0x00000006c56a51a8,0x00000006ca480000)
 Metaspace       used 35608K, capacity 37914K, committed 38016K, reserved 1081344K
  class space    used 4816K, capacity 5242K, committed 5248K, reserved 1048576K
GC Heap History (10 events):
Event: 4.415 GC heap before
{Heap before GC invocations=5 (full 1):
 PSYoungGen      total 75264K, used 64512K [0x000000076c380000, 0x0000000775680000, 0x00000007c0000000)
  eden space 64512K, 100% used [0x000000076c380000,0x0000000770280000,0x0000000770280000)
  from space 10752K, 0% used [0x0000000770280000,0x0000000770280000,0x0000000770d00000)
  to   space 10752K, 0% used [0x0000000774c00000,0x0000000774c00000,0x0000000775680000)
 ParOldGen       total 92672K, used 6550K [0x00000006c4a00000, 0x00000006ca480000, 0x000000076c380000)
  object space 92672K, 7% used [0x00000006c4a00000,0x00000006c5065b48,0x00000006ca480000)
 Metaspace       used 22717K, capacity 24270K, committed 24448K, reserved 1071104K
  class space    used 3113K, capacity 3430K, committed 3456K, reserved 1048576K
Event: 4.421 GC heap after
Heap after GC invocations=5 (full 1):
 PSYoungGen      total 113664K, used 4379K [0x000000076c380000, 0x0000000775080000, 0x00000007c0000000)
  eden space 109056K, 0% used [0x000000076c380000,0x000000076c380000,0x0000000772e00000)
  from space 4608K, 95% used [0x0000000774c00000,0x0000000775046f48,0x0000000775080000)
  to   space 10752K, 0% used [0x0000000773b80000,0x0000000773b80000,0x0000000774600000)
 ParOldGen       total 92672K, used 6550K [0x00000006c4a00000, 0x00000006ca480000, 0x000000076c380000)
  object space 92672K, 7% used [0x00000006c4a00000,0x00000006c5065b48,0x00000006ca480000)
 Metaspace       used 22717K, capacity 24270K, committed 24448K, reserved 1071104K
  class space    used 3113K, capacity 3430K, committed 3456K, reserved 1048576K
}
Event: 6.855 GC heap before
{Heap before GC invocations=6 (full 1):
 PSYoungGen      total 113664K, used 113435K [0x000000076c380000, 0x0000000775080000, 0x00000007c0000000)
  eden space 109056K, 100% used [0x000000076c380000,0x0000000772e00000,0x0000000772e00000)
  from space 4608K, 95% used [0x0000000774c00000,0x0000000775046f48,0x0000000775080000)
  to   space 10752K, 0% used [0x0000000773b80000,0x0000000773b80000,0x0000000774600000)
 ParOldGen       total 92672K, used 6550K [0x00000006c4a00000, 0x00000006ca480000, 0x000000076c380000)
  object space 92672K, 7% used [0x00000006c4a00000,0x00000006c5065b48,0x00000006ca480000)
 Metaspace       used 28060K, capacity 29722K, committed 29952K, reserved 1075200K
  class space    used 3722K, capacity 4062K, committed 4096K, reserved 1048576K
Event: 6.881 GC heap after
Heap after GC invocations=6 (full 1):
 PSYoungGen      total 133632K, used 9469K [0x000000076c380000, 0x0000000778a80000, 0x00000007c0000000)
  eden space 122880K, 0% used [0x000000076c380000,0x000000076c380000,0x0000000773b80000)
  from space 10752K, 88% used [0x0000000773b80000,0x00000007744bf4e8,0x0000000774600000)
  to   space 10752K, 0% used [0x0000000778000000,0x0000000778000000,0x0000000778a80000)
 ParOldGen       total 92672K, used 6558K [0x00000006c4a00000, 0x00000006ca480000, 0x000000076c380000)
  object space 92672K, 7% used [0x00000006c4a00000,0x00000006c5067b48,0x00000006ca480000)
 Metaspace       used 28060K, capacity 29722K, committed 29952K, reserved 1075200K
  class space    used 3722K, capacity 4062K, committed 4096K, reserved 1048576K
}
Event: 9.639 GC heap before
{Heap before GC invocations=7 (full 1):
 PSYoungGen      total 133632K, used 132349K [0x000000076c380000, 0x0000000778a80000, 0x00000007c0000000)
  eden space 122880K, 100% used [0x000000076c380000,0x0000000773b80000,0x0000000773b80000)
  from space 10752K, 88% used [0x0000000773b80000,0x00000007744bf4e8,0x0000000774600000)
  to   space 10752K, 0% used [0x0000000778000000,0x0000000778000000,0x0000000778a80000)
 ParOldGen       total 92672K, used 6558K [0x00000006c4a00000, 0x00000006ca480000, 0x000000076c380000)
  object space 92672K, 7% used [0x00000006c4a00000,0x00000006c5067b48,0x00000006ca480000)
 Metaspace       used 32632K, capacity 34666K, committed 34816K, reserved 1079296K
  class space    used 4366K, capacity 4764K, committed 4864K, reserved 1048576K
Event: 9.712 GC heap after
Heap after GC invocations=7 (full 1):
 PSYoungGen      total 133632K, used 10727K [0x000000076c380000, 0x0000000778a80000, 0x00000007c0000000)
  eden space 122880K, 0% used [0x000000076c380000,0x000000076c380000,0x0000000773b80000)
  from space 10752K, 99% used [0x0000000778000000,0x0000000778a79eb0,0x0000000778a80000)
  to   space 10752K, 0% used [0x0000000773b80000,0x0000000773b80000,0x0000000774600000)
 ParOldGen       total 92672K, used 7584K [0x00000006c4a00000, 0x00000006ca480000, 0x000000076c380000)
  object space 92672K, 8% used [0x00000006c4a00000,0x00000006c5168368,0x00000006ca480000)
 Metaspace       used 32632K, capacity 34666K, committed 34816K, reserved 1079296K
  class space    used 4366K, capacity 4764K, committed 4864K, reserved 1048576K
}
Event: 10.037 GC heap before
{Heap before GC invocations=8 (full 1):
 PSYoungGen      total 133632K, used 27224K [0x000000076c380000, 0x0000000778a80000, 0x00000007c0000000)
  eden space 122880K, 13% used [0x000000076c380000,0x000000076d39c2c0,0x0000000773b80000)
  from space 10752K, 99% used [0x0000000778000000,0x0000000778a79eb0,0x0000000778a80000)
  to   space 10752K, 0% used [0x0000000773b80000,0x0000000773b80000,0x0000000774600000)
 ParOldGen       total 92672K, used 7584K [0x00000006c4a00000, 0x00000006ca480000, 0x000000076c380000)
  object space 92672K, 8% used [0x00000006c4a00000,0x00000006c5168368,0x00000006ca480000)
 Metaspace       used 33444K, capacity 35478K, committed 35496K, reserved 1079296K
  class space    used 4473K, capacity 4862K, committed 4864K, reserved 1048576K
Event: 10.041 GC heap after
Heap after GC invocations=8 (full 1):
 PSYoungGen      total 133632K, used 7703K [0x000000076c380000, 0x000000077a700000, 0x00000007c0000000)
  eden space 122880K, 0% used [0x000000076c380000,0x000000076c380000,0x0000000773b80000)
  from space 10752K, 71% used [0x0000000773b80000,0x0000000774305e38,0x0000000774600000)
  to   space 12288K, 0% used [0x0000000779b00000,0x0000000779b00000,0x000000077a700000)
 ParOldGen       total 92672K, used 7592K [0x00000006c4a00000, 0x00000006ca480000, 0x000000076c380000)
  object space 92672K, 8% used [0x00000006c4a00000,0x00000006c516a368,0x00000006ca480000)
 Metaspace       used 33444K, capacity 35478K, committed 35496K, reserved 1079296K
  class space    used 4473K, capacity 4862K, committed 4864K, reserved 1048576K
}
Event: 10.041 GC heap before
{Heap before GC invocations=9 (full 2):
 PSYoungGen      total 133632K, used 7703K [0x000000076c380000, 0x000000077a700000, 0x00000007c0000000)
  eden space 122880K, 0% used [0x000000076c380000,0x000000076c380000,0x0000000773b80000)
  from space 10752K, 71% used [0x0000000773b80000,0x0000000774305e38,0x0000000774600000)
  to   space 12288K, 0% used [0x0000000779b00000,0x0000000779b00000,0x000000077a700000)
 ParOldGen       total 92672K, used 7592K [0x00000006c4a00000, 0x00000006ca480000, 0x000000076c380000)
  object space 92672K, 8% used [0x00000006c4a00000,0x00000006c516a368,0x00000006ca480000)
 Metaspace       used 33444K, capacity 35478K, committed 35496K, reserved 1079296K
  class space    used 4473K, capacity 4862K, committed 4864K, reserved 1048576K
Event: 10.107 GC heap after
Heap after GC invocations=9 (full 2):
 PSYoungGen      total 133632K, used 0K [0x000000076c380000, 0x000000077a700000, 0x00000007c0000000)
  eden space 122880K, 0% used [0x000000076c380000,0x000000076c380000,0x0000000773b80000)
  from space 10752K, 0% used [0x0000000773b80000,0x0000000773b80000,0x0000000774600000)
  to   space 12288K, 0% used [0x0000000779b00000,0x0000000779b00000,0x000000077a700000)
 ParOldGen       total 92672K, used 12948K [0x00000006c4a00000, 0x00000006ca480000, 0x000000076c380000)
  object space 92672K, 13% used [0x00000006c4a00000,0x00000006c56a51a8,0x00000006ca480000)
 Metaspace       used 33444K, capacity 35478K, committed 35496K, reserved 1079296K
  class space    used 4473K, capacity 4862K, committed 4864K, reserved 1048576K
}

