# JRE version: Java(TM) SE Runtime Environment (8.0_271-b09) (build 1.8.0_271-b09)
# Java VM: Java HotSpot(TM) 64-Bit Server VM (25.271-b09 mixed mode windows-amd64 compressed oops)
Heap:
 PSYoungGen      total 328192K, used 44180K [0x000000076c380000, 0x0000000784200000, 0x00000007c0000000)
  eden space 307200K, 7% used [0x000000076c380000,0x000000076da27778,0x000000077ef80000)
  from space 20992K, 99% used [0x000000077ef80000,0x00000007803fd928,0x0000000780400000)
  to   space 26112K, 0% used [0x0000000782880000,0x0000000782880000,0x0000000784200000)
 ParOldGen       total 226816K, used 38609K [0x00000006c4a00000, 0x00000006d2780000, 0x000000076c380000)
  object space 226816K, 17% used [0x00000006c4a00000,0x00000006c6fb4578,0x00000006d2780000)
 Metaspace       used 76496K, capacity 81048K, committed 81280K, reserved 1118208K
  class space    used 10819K, capacity 11573K, committed 11648K, reserved 1048576K
GC Heap History (10 events):
Event: 38.790 GC heap before
{Heap before GC invocations=10 (full 2):
 PSYoungGen      total 168960K, used 156160K [0x000000076c380000, 0x000000077cb00000, 0x00000007c0000000)
  eden space 156160K, 100% used [0x000000076c380000,0x0000000775c00000,0x0000000775c00000)
  from space 12800K, 0% used [0x0000000775c00000,0x0000000775c00000,0x0000000776880000)
  to   space 12288K, 0% used [0x000000077bf00000,0x000000077bf00000,0x000000077cb00000)
 ParOldGen       total 151040K, used 13059K [0x00000006c4a00000, 0x00000006cdd80000, 0x000000076c380000)
  object space 151040K, 8% used [0x00000006c4a00000,0x00000006c56c0f58,0x00000006cdd80000)
 Metaspace       used 45139K, capacity 47694K, committed 48000K, reserved 1091584K
  class space    used 6217K, capacity 6688K, committed 6784K, reserved 1048576K
Event: 38.830 GC heap after
Heap after GC invocations=10 (full 2):
 PSYoungGen      total 251904K, used 12264K [0x000000076c380000, 0x000000077cb00000, 0x00000007c0000000)
  eden space 239616K, 0% used [0x000000076c380000,0x000000076c380000,0x000000077ad80000)
  from space 12288K, 99% used [0x000000077bf00000,0x000000077cafa1c0,0x000000077cb00000)
  to   space 14848K, 0% used [0x000000077ae00000,0x000000077ae00000,0x000000077bc80000)
 ParOldGen       total 151040K, used 15798K [0x00000006c4a00000, 0x00000006cdd80000, 0x000000076c380000)
  object space 151040K, 10% used [0x00000006c4a00000,0x00000006c596d830,0x00000006cdd80000)
 Metaspace       used 45139K, capacity 47694K, committed 48000K, reserved 1091584K
  class space    used 6217K, capacity 6688K, committed 6784K, reserved 1048576K
}
Event: 47.628 GC heap before
{Heap before GC invocations=11 (full 2):
 PSYoungGen      total 251904K, used 146683K [0x000000076c380000, 0x000000077cb00000, 0x00000007c0000000)
  eden space 239616K, 56% used [0x000000076c380000,0x00000007746c4b68,0x000000077ad80000)
  from space 12288K, 99% used [0x000000077bf00000,0x000000077cafa1c0,0x000000077cb00000)
  to   space 14848K, 0% used [0x000000077ae00000,0x000000077ae00000,0x000000077bc80000)
 ParOldGen       total 151040K, used 15798K [0x00000006c4a00000, 0x00000006cdd80000, 0x000000076c380000)
  object space 151040K, 10% used [0x00000006c4a00000,0x00000006c596d830,0x00000006cdd80000)
 Metaspace       used 56314K, capacity 58958K, committed 59136K, reserved 1099776K
  class space    used 7950K, capacity 8440K, committed 8448K, reserved 1048576K
Event: 47.684 GC heap after
Heap after GC invocations=11 (full 2):
 PSYoungGen      total 254976K, used 14832K [0x000000076c380000, 0x0000000781980000, 0x00000007c0000000)
  eden space 240128K, 0% used [0x000000076c380000,0x000000076c380000,0x000000077ae00000)
  from space 14848K, 99% used [0x000000077ae00000,0x000000077bc7c2f8,0x000000077bc80000)
  to   space 18944K, 0% used [0x0000000780700000,0x0000000780700000,0x0000000781980000)
 ParOldGen       total 151040K, used 21648K [0x00000006c4a00000, 0x00000006cdd80000, 0x000000076c380000)
  object space 151040K, 14% used [0x00000006c4a00000,0x00000006c5f243e0,0x00000006cdd80000)
 Metaspace       used 56314K, capacity 58958K, committed 59136K, reserved 1099776K
  class space    used 7950K, capacity 8440K, committed 8448K, reserved 1048576K
}
Event: 47.685 GC heap before
{Heap before GC invocations=12 (full 3):
 PSYoungGen      total 254976K, used 14832K [0x000000076c380000, 0x0000000781980000, 0x00000007c0000000)
  eden space 240128K, 0% used [0x000000076c380000,0x000000076c380000,0x000000077ae00000)
  from space 14848K, 99% used [0x000000077ae00000,0x000000077bc7c2f8,0x000000077bc80000)
  to   space 18944K, 0% used [0x0000000780700000,0x0000000780700000,0x0000000781980000)
 ParOldGen       total 151040K, used 21648K [0x00000006c4a00000, 0x00000006cdd80000, 0x000000076c380000)
  object space 151040K, 14% used [0x00000006c4a00000,0x00000006c5f243e0,0x00000006cdd80000)
 Metaspace       used 56314K, capacity 58958K, committed 59136K, reserved 1099776K
  class space    used 7950K, capacity 8440K, committed 8448K, reserved 1048576K
Event: 48.407 GC heap after
Heap after GC invocations=12 (full 3):
 PSYoungGen      total 254976K, used 0K [0x000000076c380000, 0x0000000781980000, 0x00000007c0000000)
  eden space 240128K, 0% used [0x000000076c380000,0x000000076c380000,0x000000077ae00000)
  from space 14848K, 0% used [0x000000077ae00000,0x000000077ae00000,0x000000077bc80000)
  to   space 18944K, 0% used [0x0000000780700000,0x0000000780700000,0x0000000781980000)
 ParOldGen       total 226816K, used 31641K [0x00000006c4a00000, 0x00000006d2780000, 0x000000076c380000)
  object space 226816K, 13% used [0x00000006c4a00000,0x00000006c68e66f0,0x00000006d2780000)
 Metaspace       used 56314K, capacity 58958K, committed 59136K, reserved 1099776K
  class space    used 7950K, capacity 8440K, committed 8448K, reserved 1048576K
}
Event: 74.658 GC heap before
{Heap before GC invocations=13 (full 3):
 PSYoungGen      total 254976K, used 240128K [0x000000076c380000, 0x0000000781980000, 0x00000007c0000000)
  eden space 240128K, 100% used [0x000000076c380000,0x000000077ae00000,0x000000077ae00000)
  from space 14848K, 0% used [0x000000077ae00000,0x000000077ae00000,0x000000077bc80000)
  to   space 18944K, 0% used [0x0000000780700000,0x0000000780700000,0x0000000781980000)
 ParOldGen       total 226816K, used 31641K [0x00000006c4a00000, 0x00000006d2780000, 0x000000076c380000)
  object space 226816K, 13% used [0x00000006c4a00000,0x00000006c68e66f0,0x00000006d2780000)
 Metaspace       used 66812K, capacity 69836K, committed 70144K, reserved 1110016K
  class space    used 9425K, capacity 9971K, committed 9984K, reserved 1048576K
Event: 74.720 GC heap after
Heap after GC invocations=13 (full 3):
 PSYoungGen      total 302080K, used 17639K [0x000000076c380000, 0x0000000781880000, 0x00000007c0000000)
  eden space 284160K, 0% used [0x000000076c380000,0x000000076c380000,0x000000077d900000)
  from space 17920K, 98% used [0x0000000780700000,0x0000000781839ec0,0x0000000781880000)
  to   space 20992K, 0% used [0x000000077ef80000,0x000000077ef80000,0x0000000780400000)
 ParOldGen       total 226816K, used 31649K [0x00000006c4a00000, 0x00000006d2780000, 0x000000076c380000)
  object space 226816K, 13% used [0x00000006c4a00000,0x00000006c68e86f0,0x00000006d2780000)
 Metaspace       used 66812K, capacity 69836K, committed 70144K, reserved 1110016K
  class space    used 9425K, capacity 9971K, committed 9984K, reserved 1048576K
}
Event: 92.956 GC heap before
{Heap before GC invocations=14 (full 3):
 PSYoungGen      total 302080K, used 301799K [0x000000076c380000, 0x0000000781880000, 0x00000007c0000000)
  eden space 284160K, 100% used [0x000000076c380000,0x000000077d900000,0x000000077d900000)
  from space 17920K, 98% used [0x0000000780700000,0x0000000781839ec0,0x0000000781880000)
  to   space 20992K, 0% used [0x000000077ef80000,0x000000077ef80000,0x0000000780400000)
 ParOldGen       total 226816K, used 31649K [0x00000006c4a00000, 0x00000006d2780000, 0x000000076c380000)
  object space 226816K, 13% used [0x00000006c4a00000,0x00000006c68e86f0,0x00000006d2780000)
 Metaspace       used 75652K, capacity 80162K, committed 80384K, reserved 1118208K
  class space    used 10704K, capacity 11446K, committed 11520K, reserved 1048576K
Event: 93.162 GC heap after
Heap after GC invocations=14 (full 3):
 PSYoungGen      total 328192K, used 20982K [0x000000076c380000, 0x0000000784200000, 0x00000007c0000000)
  eden space 307200K, 0% used [0x000000076c380000,0x000000076c380000,0x000000077ef80000)
  from space 20992K, 99% used [0x000000077ef80000,0x00000007803fd928,0x0000000780400000)
  to   space 26112K, 0% used [0x0000000782880000,0x0000000782880000,0x0000000784200000)
 ParOldGen       total 226816K, used 38609K [0x00000006c4a00000, 0x00000006d2780000, 0x000000076c380000)
  object space 226816K, 17% used [0x00000006c4a00000,0x00000006c6fb4578,0x00000006d2780000)
 Metaspace       used 75652K, capacity 80162K, committed 80384K, reserved 1118208K
  class space    used 10704K, capacity 11446K, committed 11520K, reserved 1048576K
}

