# JRE version: Java(TM) SE Runtime Environment (8.0_271-b09) (build 1.8.0_271-b09)
# Java VM: Java HotSpot(TM) 64-Bit Server VM (25.271-b09 mixed mode windows-amd64 compressed oops)
Heap:
 PSYoungGen      total 121856K, used 101893K [0x000000076c380000, 0x0000000774580000, 0x00000007c0000000)
  eden space 111104K, 86% used [0x000000076c380000,0x000000077211d430,0x0000000773000000)
  from space 10752K, 56% used [0x0000000773a00000,0x0000000773fe42d8,0x0000000774480000)
  to   space 10240K, 0% used [0x0000000773000000,0x0000000773000000,0x0000000773a00000)
 ParOldGen       total 89600K, used 6441K [0x00000006c4a00000, 0x00000006ca180000, 0x000000076c380000)
  object space 89600K, 7% used [0x00000006c4a00000,0x00000006c504a6d8,0x00000006ca180000)
 Metaspace       used 32430K, capacity 34449K, committed 34560K, reserved 1079296K
  class space    used 4344K, capacity 4758K, committed 4864K, reserved 1048576K
GC Heap History (10 events):
Event: 3.982 GC heap before
{Heap before GC invocations=3 (full 0):
 PSYoungGen      total 75264K, used 26943K [0x000000076c380000, 0x0000000771780000, 0x00000007c0000000)
  eden space 64512K, 28% used [0x000000076c380000,0x000000076d5a3ce8,0x0000000770280000)
  from space 10752K, 77% used [0x0000000770d00000,0x000000077152c2c8,0x0000000771780000)
  to   space 10752K, 0% used [0x0000000770280000,0x0000000770280000,0x0000000770d00000)
 ParOldGen       total 172032K, used 88K [0x00000006c4a00000, 0x00000006cf200000, 0x000000076c380000)
  object space 172032K, 0% used [0x00000006c4a00000,0x00000006c4a16010,0x00000006cf200000)
 Metaspace       used 19871K, capacity 21229K, committed 21296K, reserved 1067008K
  class space    used 2608K, capacity 2877K, committed 2944K, reserved 1048576K
Event: 3.987 GC heap after
Heap after GC invocations=3 (full 0):
 PSYoungGen      total 75264K, used 6609K [0x000000076c380000, 0x0000000771780000, 0x00000007c0000000)
  eden space 64512K, 0% used [0x000000076c380000,0x000000076c380000,0x0000000770280000)
  from space 10752K, 61% used [0x0000000770280000,0x00000007708f4650,0x0000000770d00000)
  to   space 10752K, 0% used [0x0000000770d00000,0x0000000770d00000,0x0000000771780000)
 ParOldGen       total 172032K, used 96K [0x00000006c4a00000, 0x00000006cf200000, 0x000000076c380000)
  object space 172032K, 0% used [0x00000006c4a00000,0x00000006c4a18010,0x00000006cf200000)
 Metaspace       used 19871K, capacity 21229K, committed 21296K, reserved 1067008K
  class space    used 2608K, capacity 2877K, committed 2944K, reserved 1048576K
}
Event: 3.987 GC heap before
{Heap before GC invocations=4 (full 1):
 PSYoungGen      total 75264K, used 6609K [0x000000076c380000, 0x0000000771780000, 0x00000007c0000000)
  eden space 64512K, 0% used [0x000000076c380000,0x000000076c380000,0x0000000770280000)
  from space 10752K, 61% used [0x0000000770280000,0x00000007708f4650,0x0000000770d00000)
  to   space 10752K, 0% used [0x0000000770d00000,0x0000000770d00000,0x0000000771780000)
 ParOldGen       total 172032K, used 96K [0x00000006c4a00000, 0x00000006cf200000, 0x000000076c380000)
  object space 172032K, 0% used [0x00000006c4a00000,0x00000006c4a18010,0x00000006cf200000)
 Metaspace       used 19871K, capacity 21229K, committed 21296K, reserved 1067008K
  class space    used 2608K, capacity 2877K, committed 2944K, reserved 1048576K
Event: 4.011 GC heap after
Heap after GC invocations=4 (full 1):
 PSYoungGen      total 75264K, used 0K [0x000000076c380000, 0x0000000771780000, 0x00000007c0000000)
  eden space 64512K, 0% used [0x000000076c380000,0x000000076c380000,0x0000000770280000)
  from space 10752K, 0% used [0x0000000770280000,0x0000000770280000,0x0000000770d00000)
  to   space 10752K, 0% used [0x0000000770d00000,0x0000000770d00000,0x0000000771780000)
 ParOldGen       total 89600K, used 6425K [0x00000006c4a00000, 0x00000006ca180000, 0x000000076c380000)
  object space 89600K, 7% used [0x00000006c4a00000,0x00000006c50466d8,0x00000006ca180000)
 Metaspace       used 19871K, capacity 21229K, committed 21296K, reserved 1067008K
  class space    used 2608K, capacity 2877K, committed 2944K, reserved 1048576K
}
Event: 4.926 GC heap before
{Heap before GC invocations=5 (full 1):
 PSYoungGen      total 75264K, used 64512K [0x000000076c380000, 0x0000000771780000, 0x00000007c0000000)
  eden space 64512K, 100% used [0x000000076c380000,0x0000000770280000,0x0000000770280000)
  from space 10752K, 0% used [0x0000000770280000,0x0000000770280000,0x0000000770d00000)
  to   space 10752K, 0% used [0x0000000770d00000,0x0000000770d00000,0x0000000771780000)
 ParOldGen       total 89600K, used 6425K [0x00000006c4a00000, 0x00000006ca180000, 0x000000076c380000)
  object space 89600K, 7% used [0x00000006c4a00000,0x00000006c50466d8,0x00000006ca180000)
 Metaspace       used 22749K, capacity 24265K, committed 24448K, reserved 1071104K
  class space    used 3119K, capacity 3426K, committed 3456K, reserved 1048576K
Event: 4.950 GC heap after
Heap after GC invocations=5 (full 1):
 PSYoungGen      total 75264K, used 4291K [0x000000076c380000, 0x0000000774680000, 0x00000007c0000000)
  eden space 64512K, 0% used [0x000000076c380000,0x000000076c380000,0x0000000770280000)
  from space 10752K, 39% used [0x0000000770d00000,0x0000000771130db8,0x0000000771780000)
  to   space 10752K, 0% used [0x0000000770280000,0x0000000770280000,0x0000000770d00000)
 ParOldGen       total 89600K, used 6425K [0x00000006c4a00000, 0x00000006ca180000, 0x000000076c380000)
  object space 89600K, 7% used [0x00000006c4a00000,0x00000006c50466d8,0x00000006ca180000)
 Metaspace       used 22749K, capacity 24265K, committed 24448K, reserved 1071104K
  class space    used 3119K, capacity 3426K, committed 3456K, reserved 1048576K
}
Event: 8.387 GC heap before
{Heap before GC invocations=6 (full 1):
 PSYoungGen      total 75264K, used 68803K [0x000000076c380000, 0x0000000774680000, 0x00000007c0000000)
  eden space 64512K, 100% used [0x000000076c380000,0x0000000770280000,0x0000000770280000)
  from space 10752K, 39% used [0x0000000770d00000,0x0000000771130db8,0x0000000771780000)
  to   space 10752K, 0% used [0x0000000770280000,0x0000000770280000,0x0000000770d00000)
 ParOldGen       total 89600K, used 6425K [0x00000006c4a00000, 0x00000006ca180000, 0x000000076c380000)
  object space 89600K, 7% used [0x00000006c4a00000,0x00000006c50466d8,0x00000006ca180000)
 Metaspace       used 27519K, capacity 29127K, committed 29440K, reserved 1075200K
  class space    used 3674K, capacity 3993K, committed 4096K, reserved 1048576K
Event: 8.405 GC heap after
Heap after GC invocations=6 (full 1):
 PSYoungGen      total 75264K, used 8709K [0x000000076c380000, 0x0000000774480000, 0x00000007c0000000)
  eden space 64512K, 0% used [0x000000076c380000,0x000000076c380000,0x0000000770280000)
  from space 10752K, 80% used [0x0000000770280000,0x0000000770b01408,0x0000000770d00000)
  to   space 10752K, 0% used [0x0000000773a00000,0x0000000773a00000,0x0000000774480000)
 ParOldGen       total 89600K, used 6433K [0x00000006c4a00000, 0x00000006ca180000, 0x000000076c380000)
  object space 89600K, 7% used [0x00000006c4a00000,0x00000006c50486d8,0x00000006ca180000)
 Metaspace       used 27519K, capacity 29127K, committed 29440K, reserved 1075200K
  class space    used 3674K, capacity 3993K, committed 4096K, reserved 1048576K
}
Event: 8.745 GC heap before
{Heap before GC invocations=7 (full 1):
 PSYoungGen      total 75264K, used 73221K [0x000000076c380000, 0x0000000774480000, 0x00000007c0000000)
  eden space 64512K, 100% used [0x000000076c380000,0x0000000770280000,0x0000000770280000)
  from space 10752K, 80% used [0x0000000770280000,0x0000000770b01408,0x0000000770d00000)
  to   space 10752K, 0% used [0x0000000773a00000,0x0000000773a00000,0x0000000774480000)
 ParOldGen       total 89600K, used 6433K [0x00000006c4a00000, 0x00000006ca180000, 0x000000076c380000)
  object space 89600K, 7% used [0x00000006c4a00000,0x00000006c50486d8,0x00000006ca180000)
 Metaspace       used 28825K, capacity 30497K, committed 30592K, reserved 1075200K
  class space    used 3833K, capacity 4180K, committed 4224K, reserved 1048576K
Event: 8.754 GC heap after
Heap after GC invocations=7 (full 1):
 PSYoungGen      total 121856K, used 6032K [0x000000076c380000, 0x0000000774580000, 0x00000007c0000000)
  eden space 111104K, 0% used [0x000000076c380000,0x000000076c380000,0x0000000773000000)
  from space 10752K, 56% used [0x0000000773a00000,0x0000000773fe42d8,0x0000000774480000)
  to   space 10240K, 0% used [0x0000000773000000,0x0000000773000000,0x0000000773a00000)
 ParOldGen       total 89600K, used 6441K [0x00000006c4a00000, 0x00000006ca180000, 0x000000076c380000)
  object space 89600K, 7% used [0x00000006c4a00000,0x00000006c504a6d8,0x00000006ca180000)
 Metaspace       used 28825K, capacity 30497K, committed 30592K, reserved 1075200K
  class space    used 3833K, capacity 4180K, committed 4224K, reserved 1048576K
}

