# JRE version: Java(TM) SE Runtime Environment (8.0_271-b09) (build 1.8.0_271-b09)
# Java VM: Java HotSpot(TM) 64-Bit Server VM (25.271-b09 mixed mode windows-amd64 compressed oops)
Heap:
 PSYoungGen      total 252416K, used 64341K [0x000000076c380000, 0x000000077cc00000, 0x00000007c0000000)
  eden space 240128K, 21% used [0x000000076c380000,0x000000076f659850,0x000000077ae00000)
  from space 12288K, 99% used [0x000000077c000000,0x000000077cbfbcb0,0x000000077cc00000)
  to   space 14848K, 0% used [0x000000077af00000,0x000000077af00000,0x000000077bd80000)
 ParOldGen       total 142848K, used 16180K [0x00000006c4a00000, 0x00000006cd580000, 0x000000076c380000)
  object space 142848K, 11% used [0x00000006c4a00000,0x00000006c59cd0b0,0x00000006cd580000)
 Metaspace       used 50705K, capacity 53250K, committed 53552K, reserved 1095680K
  class space    used 6936K, capacity 7404K, committed 7472K, reserved 1048576K
GC Heap History (10 events):
Event: 4.767 GC heap before
{Heap before GC invocations=6 (full 1):
 PSYoungGen      total 107008K, used 106633K [0x000000076c380000, 0x0000000775080000, 0x00000007c0000000)
  eden space 102400K, 99% used [0x000000076c380000,0x00000007727725d0,0x0000000772780000)
  from space 4608K, 93% used [0x0000000774c00000,0x0000000775030208,0x0000000775080000)
  to   space 10752K, 0% used [0x0000000773b80000,0x0000000773b80000,0x0000000774600000)
 ParOldGen       total 96768K, used 6518K [0x00000006c4a00000, 0x00000006ca880000, 0x000000076c380000)
  object space 96768K, 6% used [0x00000006c4a00000,0x00000006c505dba0,0x00000006ca880000)
 Metaspace       used 27743K, capacity 29370K, committed 29488K, reserved 1075200K
  class space    used 3703K, capacity 4030K, committed 4144K, reserved 1048576K
Event: 4.779 GC heap after
Heap after GC invocations=6 (full 1):
 PSYoungGen      total 133632K, used 9116K [0x000000076c380000, 0x0000000777580000, 0x00000007c0000000)
  eden space 122880K, 0% used [0x000000076c380000,0x000000076c380000,0x0000000773b80000)
  from space 10752K, 84% used [0x0000000773b80000,0x0000000774467260,0x0000000774600000)
  to   space 10752K, 0% used [0x0000000776b00000,0x0000000776b00000,0x0000000777580000)
 ParOldGen       total 96768K, used 6526K [0x00000006c4a00000, 0x00000006ca880000, 0x000000076c380000)
  object space 96768K, 6% used [0x00000006c4a00000,0x00000006c505fba0,0x00000006ca880000)
 Metaspace       used 27743K, capacity 29370K, committed 29488K, reserved 1075200K
  class space    used 3703K, capacity 4030K, committed 4144K, reserved 1048576K
}
Event: 6.596 GC heap before
{Heap before GC invocations=7 (full 1):
 PSYoungGen      total 133632K, used 131996K [0x000000076c380000, 0x0000000777580000, 0x00000007c0000000)
  eden space 122880K, 100% used [0x000000076c380000,0x0000000773b80000,0x0000000773b80000)
  from space 10752K, 84% used [0x0000000773b80000,0x0000000774467260,0x0000000774600000)
  to   space 10752K, 0% used [0x0000000776b00000,0x0000000776b00000,0x0000000777580000)
 ParOldGen       total 96768K, used 6526K [0x00000006c4a00000, 0x00000006ca880000, 0x000000076c380000)
  object space 96768K, 6% used [0x00000006c4a00000,0x00000006c505fba0,0x00000006ca880000)
 Metaspace       used 32405K, capacity 34428K, committed 34736K, reserved 1079296K
  class space    used 4332K, capacity 4731K, committed 4784K, reserved 1048576K
Event: 6.612 GC heap after
Heap after GC invocations=7 (full 1):
 PSYoungGen      total 169472K, used 10736K [0x000000076c380000, 0x0000000779480000, 0x00000007c0000000)
  eden space 158720K, 0% used [0x000000076c380000,0x000000076c380000,0x0000000775e80000)
  from space 10752K, 99% used [0x0000000776b00000,0x000000077757c2a0,0x0000000777580000)
  to   space 12800K, 0% used [0x0000000775e80000,0x0000000775e80000,0x0000000776b00000)
 ParOldGen       total 96768K, used 7391K [0x00000006c4a00000, 0x00000006ca880000, 0x000000076c380000)
  object space 96768K, 7% used [0x00000006c4a00000,0x00000006c5137f60,0x00000006ca880000)
 Metaspace       used 32405K, capacity 34428K, committed 34736K, reserved 1079296K
  class space    used 4332K, capacity 4731K, committed 4784K, reserved 1048576K
}
Event: 6.987 GC heap before
{Heap before GC invocations=8 (full 1):
 PSYoungGen      total 169472K, used 34300K [0x000000076c380000, 0x0000000779480000, 0x00000007c0000000)
  eden space 158720K, 14% used [0x000000076c380000,0x000000076da82da8,0x0000000775e80000)
  from space 10752K, 99% used [0x0000000776b00000,0x000000077757c2a0,0x0000000777580000)
  to   space 12800K, 0% used [0x0000000775e80000,0x0000000775e80000,0x0000000776b00000)
 ParOldGen       total 96768K, used 7391K [0x00000006c4a00000, 0x00000006ca880000, 0x000000076c380000)
  object space 96768K, 7% used [0x00000006c4a00000,0x00000006c5137f60,0x00000006ca880000)
 Metaspace       used 33375K, capacity 35414K, committed 35496K, reserved 1079296K
  class space    used 4463K, capacity 4862K, committed 4912K, reserved 1048576K
Event: 6.995 GC heap after
Heap after GC invocations=8 (full 1):
 PSYoungGen      total 171520K, used 7904K [0x000000076c380000, 0x000000077cc00000, 0x00000007c0000000)
  eden space 158720K, 0% used [0x000000076c380000,0x000000076c380000,0x0000000775e80000)
  from space 12800K, 61% used [0x0000000775e80000,0x0000000776638148,0x0000000776b00000)
  to   space 12288K, 0% used [0x000000077c000000,0x000000077c000000,0x000000077cc00000)
 ParOldGen       total 96768K, used 7399K [0x00000006c4a00000, 0x00000006ca880000, 0x000000076c380000)
  object space 96768K, 7% used [0x00000006c4a00000,0x00000006c5139f60,0x00000006ca880000)
 Metaspace       used 33375K, capacity 35414K, committed 35496K, reserved 1079296K
  class space    used 4463K, capacity 4862K, committed 4912K, reserved 1048576K
}
Event: 6.995 GC heap before
{Heap before GC invocations=9 (full 2):
 PSYoungGen      total 171520K, used 7904K [0x000000076c380000, 0x000000077cc00000, 0x00000007c0000000)
  eden space 158720K, 0% used [0x000000076c380000,0x000000076c380000,0x0000000775e80000)
  from space 12800K, 61% used [0x0000000775e80000,0x0000000776638148,0x0000000776b00000)
  to   space 12288K, 0% used [0x000000077c000000,0x000000077c000000,0x000000077cc00000)
 ParOldGen       total 96768K, used 7399K [0x00000006c4a00000, 0x00000006ca880000, 0x000000076c380000)
  object space 96768K, 7% used [0x00000006c4a00000,0x00000006c5139f60,0x00000006ca880000)
 Metaspace       used 33375K, capacity 35414K, committed 35496K, reserved 1079296K
  class space    used 4463K, capacity 4862K, committed 4912K, reserved 1048576K
Event: 7.037 GC heap after
Heap after GC invocations=9 (full 2):
 PSYoungGen      total 171520K, used 0K [0x000000076c380000, 0x000000077cc00000, 0x00000007c0000000)
  eden space 158720K, 0% used [0x000000076c380000,0x000000076c380000,0x0000000775e80000)
  from space 12800K, 0% used [0x0000000775e80000,0x0000000775e80000,0x0000000776b00000)
  to   space 12288K, 0% used [0x000000077c000000,0x000000077c000000,0x000000077cc00000)
 ParOldGen       total 142848K, used 13161K [0x00000006c4a00000, 0x00000006cd580000, 0x000000076c380000)
  object space 142848K, 9% used [0x00000006c4a00000,0x00000006c56da458,0x00000006cd580000)
 Metaspace       used 33375K, capacity 35414K, committed 35496K, reserved 1079296K
  class space    used 4463K, capacity 4862K, committed 4912K, reserved 1048576K
}
Event: 11.919 GC heap before
{Heap before GC invocations=10 (full 2):
 PSYoungGen      total 171520K, used 158720K [0x000000076c380000, 0x000000077cc00000, 0x00000007c0000000)
  eden space 158720K, 100% used [0x000000076c380000,0x0000000775e80000,0x0000000775e80000)
  from space 12800K, 0% used [0x0000000775e80000,0x0000000775e80000,0x0000000776b00000)
  to   space 12288K, 0% used [0x000000077c000000,0x000000077c000000,0x000000077cc00000)
 ParOldGen       total 142848K, used 13161K [0x00000006c4a00000, 0x00000006cd580000, 0x000000076c380000)
  object space 142848K, 9% used [0x00000006c4a00000,0x00000006c56da458,0x00000006cd580000)
 Metaspace       used 45351K, capacity 47850K, committed 48048K, reserved 1091584K
  class space    used 6263K, capacity 6720K, committed 6832K, reserved 1048576K
Event: 11.929 GC heap after
Heap after GC invocations=10 (full 2):
 PSYoungGen      total 252416K, used 12271K [0x000000076c380000, 0x000000077cc00000, 0x00000007c0000000)
  eden space 240128K, 0% used [0x000000076c380000,0x000000076c380000,0x000000077ae00000)
  from space 12288K, 99% used [0x000000077c000000,0x000000077cbfbcb0,0x000000077cc00000)
  to   space 14848K, 0% used [0x000000077af00000,0x000000077af00000,0x000000077bd80000)
 ParOldGen       total 142848K, used 16180K [0x00000006c4a00000, 0x00000006cd580000, 0x000000076c380000)
  object space 142848K, 11% used [0x00000006c4a00000,0x00000006c59cd0b0,0x00000006cd580000)
 Metaspace       used 45351K, capacity 47850K, committed 48048K, reserved 1091584K
  class space    used 6263K, capacity 6720K, committed 6832K, reserved 1048576K
}

