# JRE version: Java(TM) SE Runtime Environment (8.0_271-b09) (build 1.8.0_271-b09)
# Java VM: Java HotSpot(TM) 64-Bit Server VM (25.271-b09 mixed mode windows-amd64 compressed oops)
Heap:
 PSYoungGen      total 350720K, used 285223K [0x000000076c380000, 0x0000000787080000, 0x00000007c0000000)
  eden space 330752K, 80% used [0x000000076c380000,0x000000077c68f5b8,0x0000000780680000)
  from space 19968K, 99% used [0x0000000781d80000,0x00000007830fa978,0x0000000783100000)
  to   space 23552K, 0% used [0x0000000780680000,0x0000000780680000,0x0000000781d80000)
 ParOldGen       total 211968K, used 32313K [0x00000006c4a00000, 0x00000006d1900000, 0x000000076c380000)
  object space 211968K, 15% used [0x00000006c4a00000,0x00000006c698e608,0x00000006d1900000)
 Metaspace       used 78030K, capacity 82610K, committed 82688K, reserved 1120256K
  class space    used 10987K, capacity 11744K, committed 11776K, reserved 1048576K
GC Heap History (10 events):
Event: 13.015 GC heap before
{Heap before GC invocations=9 (full 2):
 PSYoungGen      total 202240K, used 7544K [0x000000076c380000, 0x0000000782100000, 0x00000007c0000000)
  eden space 188928K, 0% used [0x000000076c380000,0x000000076c380000,0x0000000777c00000)
  from space 13312K, 56% used [0x0000000777c00000,0x000000077835e000,0x0000000778900000)
  to   space 12800K, 0% used [0x0000000781480000,0x0000000781480000,0x0000000782100000)
 ParOldGen       total 92672K, used 7357K [0x00000006c4a00000, 0x00000006ca480000, 0x000000076c380000)
  object space 92672K, 7% used [0x00000006c4a00000,0x00000006c512f708,0x00000006ca480000)
 Metaspace       used 33474K, capacity 35478K, committed 35496K, reserved 1079296K
  class space    used 4474K, capacity 4862K, committed 4864K, reserved 1048576K
Event: 13.258 GC heap after
Heap after GC invocations=9 (full 2):
 PSYoungGen      total 202240K, used 0K [0x000000076c380000, 0x0000000782100000, 0x00000007c0000000)
  eden space 188928K, 0% used [0x000000076c380000,0x000000076c380000,0x0000000777c00000)
  from space 13312K, 0% used [0x0000000777c00000,0x0000000777c00000,0x0000000778900000)
  to   space 12800K, 0% used [0x0000000781480000,0x0000000781480000,0x0000000782100000)
 ParOldGen       total 144896K, used 12765K [0x00000006c4a00000, 0x00000006cd780000, 0x000000076c380000)
  object space 144896K, 8% used [0x00000006c4a00000,0x00000006c5677410,0x00000006cd780000)
 Metaspace       used 33474K, capacity 35478K, committed 35496K, reserved 1079296K
  class space    used 4474K, capacity 4862K, committed 4864K, reserved 1048576K
}
Event: 20.544 GC heap before
{Heap before GC invocations=10 (full 2):
 PSYoungGen      total 202240K, used 188928K [0x000000076c380000, 0x0000000782100000, 0x00000007c0000000)
  eden space 188928K, 100% used [0x000000076c380000,0x0000000777c00000,0x0000000777c00000)
  from space 13312K, 0% used [0x0000000777c00000,0x0000000777c00000,0x0000000778900000)
  to   space 12800K, 0% used [0x0000000781480000,0x0000000781480000,0x0000000782100000)
 ParOldGen       total 144896K, used 12765K [0x00000006c4a00000, 0x00000006cd780000, 0x000000076c380000)
  object space 144896K, 8% used [0x00000006c4a00000,0x00000006c5677410,0x00000006cd780000)
 Metaspace       used 49611K, capacity 52194K, committed 52608K, reserved 1095680K
  class space    used 6775K, capacity 7244K, committed 7296K, reserved 1048576K
Event: 20.557 GC heap after
Heap after GC invocations=10 (full 2):
 PSYoungGen      total 279040K, used 12792K [0x000000076c380000, 0x0000000782100000, 0x00000007c0000000)
  eden space 266240K, 0% used [0x000000076c380000,0x000000076c380000,0x000000077c780000)
  from space 12800K, 99% used [0x0000000781480000,0x00000007820fe358,0x0000000782100000)
  to   space 16896K, 0% used [0x0000000780000000,0x0000000780000000,0x0000000781080000)
 ParOldGen       total 144896K, used 19182K [0x00000006c4a00000, 0x00000006cd780000, 0x000000076c380000)
  object space 144896K, 13% used [0x00000006c4a00000,0x00000006c5cbbac0,0x00000006cd780000)
 Metaspace       used 49611K, capacity 52194K, committed 52608K, reserved 1095680K
  class space    used 6775K, capacity 7244K, committed 7296K, reserved 1048576K
}
Event: 22.149 GC heap before
{Heap before GC invocations=11 (full 2):
 PSYoungGen      total 279040K, used 115330K [0x000000076c380000, 0x0000000782100000, 0x00000007c0000000)
  eden space 266240K, 38% used [0x000000076c380000,0x00000007727a25b0,0x000000077c780000)
  from space 12800K, 99% used [0x0000000781480000,0x00000007820fe358,0x0000000782100000)
  to   space 16896K, 0% used [0x0000000780000000,0x0000000780000000,0x0000000781080000)
 ParOldGen       total 144896K, used 19182K [0x00000006c4a00000, 0x00000006cd780000, 0x000000076c380000)
  object space 144896K, 13% used [0x00000006c4a00000,0x00000006c5cbbac0,0x00000006cd780000)
 Metaspace       used 56312K, capacity 58954K, committed 59136K, reserved 1099776K
  class space    used 7957K, capacity 8440K, committed 8448K, reserved 1048576K
Event: 22.178 GC heap after
Heap after GC invocations=11 (full 2):
 PSYoungGen      total 340992K, used 16866K [0x000000076c380000, 0x0000000783100000, 0x00000007c0000000)
  eden space 324096K, 0% used [0x000000076c380000,0x000000076c380000,0x0000000780000000)
  from space 16896K, 99% used [0x0000000780000000,0x00000007810789e8,0x0000000781080000)
  to   space 19968K, 0% used [0x0000000781d80000,0x0000000781d80000,0x0000000783100000)
 ParOldGen       total 144896K, used 20782K [0x00000006c4a00000, 0x00000006cd780000, 0x000000076c380000)
  object space 144896K, 14% used [0x00000006c4a00000,0x00000006c5e4bb38,0x00000006cd780000)
 Metaspace       used 56312K, capacity 58954K, committed 59136K, reserved 1099776K
  class space    used 7957K, capacity 8440K, committed 8448K, reserved 1048576K
}
Event: 22.178 GC heap before
{Heap before GC invocations=12 (full 3):
 PSYoungGen      total 340992K, used 16866K [0x000000076c380000, 0x0000000783100000, 0x00000007c0000000)
  eden space 324096K, 0% used [0x000000076c380000,0x000000076c380000,0x0000000780000000)
  from space 16896K, 99% used [0x0000000780000000,0x00000007810789e8,0x0000000781080000)
  to   space 19968K, 0% used [0x0000000781d80000,0x0000000781d80000,0x0000000783100000)
 ParOldGen       total 144896K, used 20782K [0x00000006c4a00000, 0x00000006cd780000, 0x000000076c380000)
  object space 144896K, 14% used [0x00000006c4a00000,0x00000006c5e4bb38,0x00000006cd780000)
 Metaspace       used 56312K, capacity 58954K, committed 59136K, reserved 1099776K
  class space    used 7957K, capacity 8440K, committed 8448K, reserved 1048576K
Event: 22.404 GC heap after
Heap after GC invocations=12 (full 3):
 PSYoungGen      total 340992K, used 0K [0x000000076c380000, 0x0000000783100000, 0x00000007c0000000)
  eden space 324096K, 0% used [0x000000076c380000,0x000000076c380000,0x0000000780000000)
  from space 16896K, 0% used [0x0000000780000000,0x0000000780000000,0x0000000781080000)
  to   space 19968K, 0% used [0x0000000781d80000,0x0000000781d80000,0x0000000783100000)
 ParOldGen       total 211968K, used 29501K [0x00000006c4a00000, 0x00000006d1900000, 0x000000076c380000)
  object space 211968K, 13% used [0x00000006c4a00000,0x00000006c66cf7e8,0x00000006d1900000)
 Metaspace       used 56312K, capacity 58954K, committed 59136K, reserved 1099776K
  class space    used 7957K, capacity 8440K, committed 8448K, reserved 1048576K
}
Event: 36.895 GC heap before
{Heap before GC invocations=13 (full 3):
 PSYoungGen      total 340992K, used 324096K [0x000000076c380000, 0x0000000783100000, 0x00000007c0000000)
  eden space 324096K, 100% used [0x000000076c380000,0x0000000780000000,0x0000000780000000)
  from space 16896K, 0% used [0x0000000780000000,0x0000000780000000,0x0000000781080000)
  to   space 19968K, 0% used [0x0000000781d80000,0x0000000781d80000,0x0000000783100000)
 ParOldGen       total 211968K, used 29501K [0x00000006c4a00000, 0x00000006d1900000, 0x000000076c380000)
  object space 211968K, 13% used [0x00000006c4a00000,0x00000006c66cf7e8,0x00000006d1900000)
 Metaspace       used 69437K, capacity 72544K, committed 72576K, reserved 1112064K
  class space    used 9812K, capacity 10363K, committed 10368K, reserved 1048576K
Event: 36.928 GC heap after
Heap after GC invocations=13 (full 3):
 PSYoungGen      total 350720K, used 19946K [0x000000076c380000, 0x0000000787080000, 0x00000007c0000000)
  eden space 330752K, 0% used [0x000000076c380000,0x000000076c380000,0x0000000780680000)
  from space 19968K, 99% used [0x0000000781d80000,0x00000007830fa978,0x0000000783100000)
  to   space 23552K, 0% used [0x0000000780680000,0x0000000780680000,0x0000000781d80000)
 ParOldGen       total 211968K, used 32313K [0x00000006c4a00000, 0x00000006d1900000, 0x000000076c380000)
  object space 211968K, 15% used [0x00000006c4a00000,0x00000006c698e608,0x00000006d1900000)
 Metaspace       used 69437K, capacity 72544K, committed 72576K, reserved 1112064K
  class space    used 9812K, capacity 10363K, committed 10368K, reserved 1048576K
}

